{"/Users/yunz/Code/VibeCoding/markdown-press/src/utils/performance.ts": {"path":"/Users/yunz/Code/VibeCoding/markdown-press/src/utils/performance.ts","statementMap":{"0":{"start":{"line":8,"column":37},"end":{"line":12,"column":null}},"1":{"start":{"line":16,"column":2},"end":{"line":16,"column":null}},"2":{"start":{"line":16,"column":16},"end":{"line":16,"column":null}},"3":{"start":{"line":17,"column":10},"end":{"line":17,"column":null}},"4":{"start":{"line":18,"column":2},"end":{"line":20,"column":null}},"5":{"start":{"line":18,"column":15},"end":{"line":18,"column":18}},"6":{"start":{"line":19,"column":4},"end":{"line":19,"column":null}},"7":{"start":{"line":19,"column":47},"end":{"line":19,"column":null}},"8":{"start":{"line":21,"column":2},"end":{"line":21,"column":null}},"9":{"start":{"line":28,"column":2},"end":{"line":28,"column":null}},"10":{"start":{"line":28,"column":16},"end":{"line":28,"column":null}},"11":{"start":{"line":29,"column":2},"end":{"line":29,"column":null}},"12":{"start":{"line":29,"column":57},"end":{"line":29,"column":null}},"13":{"start":{"line":30,"column":20},"end":{"line":30,"column":null}},"14":{"start":{"line":31,"column":2},"end":{"line":31,"column":null}},"15":{"start":{"line":38,"column":2},"end":{"line":38,"column":null}},"16":{"start":{"line":38,"column":16},"end":{"line":38,"column":null}},"17":{"start":{"line":39,"column":16},"end":{"line":39,"column":null}},"18":{"start":{"line":40,"column":16},"end":{"line":40,"column":null}},"19":{"start":{"line":41,"column":2},"end":{"line":45,"column":null}},"20":{"start":{"line":56,"column":8},"end":{"line":56,"column":null}},"21":{"start":{"line":57,"column":8},"end":{"line":57,"column":null}},"22":{"start":{"line":58,"column":8},"end":{"line":58,"column":null}},"23":{"start":{"line":59,"column":8},"end":{"line":59,"column":null}},"24":{"start":{"line":60,"column":8},"end":{"line":60,"column":null}},"25":{"start":{"line":63,"column":2},"end":{"line":66,"column":null}},"26":{"start":{"line":64,"column":4},"end":{"line":64,"column":null}},"27":{"start":{"line":65,"column":4},"end":{"line":65,"column":null}},"28":{"start":{"line":68,"column":8},"end":{"line":89,"column":null}},"29":{"start":{"line":69,"column":4},"end":{"line":69,"column":null}},"30":{"start":{"line":71,"column":4},"end":{"line":73,"column":null}},"31":{"start":{"line":72,"column":6},"end":{"line":72,"column":null}},"32":{"start":{"line":75,"column":4},"end":{"line":78,"column":null}},"33":{"start":{"line":76,"column":6},"end":{"line":76,"column":null}},"34":{"start":{"line":77,"column":6},"end":{"line":77,"column":null}},"35":{"start":{"line":80,"column":4},"end":{"line":88,"column":null}},"36":{"start":{"line":81,"column":6},"end":{"line":85,"column":null}},"37":{"start":{"line":82,"column":8},"end":{"line":84,"column":null}},"38":{"start":{"line":83,"column":10},"end":{"line":83,"column":null}},"39":{"start":{"line":86,"column":6},"end":{"line":86,"column":null}},"40":{"start":{"line":87,"column":6},"end":{"line":87,"column":null}},"41":{"start":{"line":92,"column":2},"end":{"line":98,"column":null}},"42":{"start":{"line":93,"column":4},"end":{"line":97,"column":null}},"43":{"start":{"line":94,"column":6},"end":{"line":96,"column":null}},"44":{"start":{"line":95,"column":8},"end":{"line":95,"column":null}},"45":{"start":{"line":100,"column":2},"end":{"line":100,"column":null}},"46":{"start":{"line":110,"column":8},"end":{"line":110,"column":null}},"47":{"start":{"line":111,"column":8},"end":{"line":111,"column":null}},"48":{"start":{"line":112,"column":8},"end":{"line":112,"column":null}},"49":{"start":{"line":113,"column":8},"end":{"line":113,"column":null}},"50":{"start":{"line":114,"column":8},"end":{"line":114,"column":null}},"51":{"start":{"line":117,"column":2},"end":{"line":120,"column":null}},"52":{"start":{"line":118,"column":4},"end":{"line":118,"column":null}},"53":{"start":{"line":119,"column":4},"end":{"line":119,"column":null}},"54":{"start":{"line":122,"column":8},"end":{"line":164,"column":null}},"55":{"start":{"line":124,"column":4},"end":{"line":127,"column":null}},"56":{"start":{"line":125,"column":6},"end":{"line":125,"column":null}},"57":{"start":{"line":126,"column":6},"end":{"line":126,"column":null}},"58":{"start":{"line":129,"column":4},"end":{"line":129,"column":null}},"59":{"start":{"line":129,"column":18},"end":{"line":129,"column":null}},"60":{"start":{"line":131,"column":25},"end":{"line":153,"column":null}},"61":{"start":{"line":132,"column":20},"end":{"line":132,"column":null}},"62":{"start":{"line":133,"column":6},"end":{"line":133,"column":null}},"63":{"start":{"line":133,"column":18},"end":{"line":133,"column":null}},"64":{"start":{"line":135,"column":32},"end":{"line":135,"column":null}},"65":{"start":{"line":138,"column":6},"end":{"line":141,"column":null}},"66":{"start":{"line":140,"column":8},"end":{"line":140,"column":null}},"67":{"start":{"line":143,"column":6},"end":{"line":143,"column":null}},"68":{"start":{"line":145,"column":6},"end":{"line":147,"column":null}},"69":{"start":{"line":146,"column":8},"end":{"line":146,"column":null}},"70":{"start":{"line":149,"column":6},"end":{"line":152,"column":null}},"71":{"start":{"line":150,"column":8},"end":{"line":150,"column":null}},"72":{"start":{"line":151,"column":8},"end":{"line":151,"column":null}},"73":{"start":{"line":155,"column":4},"end":{"line":155,"column":null}},"74":{"start":{"line":156,"column":4},"end":{"line":156,"column":null}},"75":{"start":{"line":159,"column":17},"end":{"line":159,"column":null}},"76":{"start":{"line":160,"column":4},"end":{"line":163,"column":null}},"77":{"start":{"line":161,"column":6},"end":{"line":161,"column":null}},"78":{"start":{"line":162,"column":6},"end":{"line":162,"column":null}},"79":{"start":{"line":162,"column":23},"end":{"line":162,"column":69}},"80":{"start":{"line":166,"column":2},"end":{"line":175,"column":null}},"81":{"start":{"line":167,"column":4},"end":{"line":174,"column":null}},"82":{"start":{"line":168,"column":6},"end":{"line":170,"column":null}},"83":{"start":{"line":169,"column":8},"end":{"line":169,"column":null}},"84":{"start":{"line":171,"column":6},"end":{"line":173,"column":null}},"85":{"start":{"line":172,"column":8},"end":{"line":172,"column":null}},"86":{"start":{"line":177,"column":2},"end":{"line":177,"column":null}},"87":{"start":{"line":184,"column":2},"end":{"line":184,"column":null}},"88":{"start":{"line":188,"column":4},"end":{"line":188,"column":null}},"89":{"start":{"line":192,"column":18},"end":{"line":192,"column":null}},"90":{"start":{"line":193,"column":4},"end":{"line":197,"column":null}},"91":{"start":{"line":195,"column":6},"end":{"line":195,"column":null}},"92":{"start":{"line":196,"column":6},"end":{"line":196,"column":null}},"93":{"start":{"line":198,"column":4},"end":{"line":198,"column":null}},"94":{"start":{"line":202,"column":4},"end":{"line":209,"column":null}},"95":{"start":{"line":203,"column":6},"end":{"line":203,"column":null}},"96":{"start":{"line":204,"column":4},"end":{"line":209,"column":null}},"97":{"start":{"line":205,"column":23},"end":{"line":205,"column":null}},"98":{"start":{"line":206,"column":6},"end":{"line":208,"column":null}},"99":{"start":{"line":207,"column":8},"end":{"line":207,"column":null}},"100":{"start":{"line":210,"column":4},"end":{"line":210,"column":null}},"101":{"start":{"line":214,"column":4},"end":{"line":214,"column":null}},"102":{"start":{"line":218,"column":4},"end":{"line":218,"column":null}},"103":{"start":{"line":222,"column":4},"end":{"line":222,"column":null}},"104":{"start":{"line":230,"column":13},"end":{"line":230,"column":null}},"105":{"start":{"line":231,"column":14},"end":{"line":231,"column":null}},"106":{"start":{"line":232,"column":2},"end":{"line":236,"column":null}},"107":{"start":{"line":232,"column":15},"end":{"line":232,"column":18}},"108":{"start":{"line":233,"column":17},"end":{"line":233,"column":null}},"109":{"start":{"line":234,"column":4},"end":{"line":234,"column":null}},"110":{"start":{"line":235,"column":4},"end":{"line":235,"column":null}},"111":{"start":{"line":237,"column":2},"end":{"line":237,"column":null}},"112":{"start":{"line":244,"column":8},"end":{"line":244,"column":null}},"113":{"start":{"line":245,"column":8},"end":{"line":245,"column":null}},"114":{"start":{"line":247,"column":2},"end":{"line":258,"column":null}},"115":{"start":{"line":248,"column":4},"end":{"line":248,"column":null}},"116":{"start":{"line":248,"column":18},"end":{"line":248,"column":null}},"117":{"start":{"line":250,"column":4},"end":{"line":250,"column":null}},"118":{"start":{"line":251,"column":16},"end":{"line":251,"column":null}},"119":{"start":{"line":254,"column":4},"end":{"line":257,"column":null}},"120":{"start":{"line":255,"column":6},"end":{"line":255,"column":null}},"121":{"start":{"line":256,"column":6},"end":{"line":256,"column":null}},"122":{"start":{"line":270,"column":23},"end":{"line":270,"column":null}},"123":{"start":{"line":272,"column":2},"end":{"line":285,"column":null}},"124":{"start":{"line":272,"column":15},"end":{"line":272,"column":18}},"125":{"start":{"line":273,"column":18},"end":{"line":273,"column":null}},"126":{"start":{"line":274,"column":25},"end":{"line":274,"column":null}},"127":{"start":{"line":275,"column":4},"end":{"line":275,"column":null}},"128":{"start":{"line":277,"column":4},"end":{"line":279,"column":null}},"129":{"start":{"line":278,"column":6},"end":{"line":278,"column":null}},"130":{"start":{"line":282,"column":4},"end":{"line":284,"column":null}},"131":{"start":{"line":283,"column":6},"end":{"line":283,"column":null}},"132":{"start":{"line":283,"column":35},"end":{"line":283,"column":57}},"133":{"start":{"line":287,"column":2},"end":{"line":287,"column":null}},"134":{"start":{"line":297,"column":2},"end":{"line":300,"column":null}},"135":{"start":{"line":298,"column":4},"end":{"line":298,"column":null}},"136":{"start":{"line":299,"column":4},"end":{"line":299,"column":null}},"137":{"start":{"line":302,"column":2},"end":{"line":308,"column":null}},"138":{"start":{"line":303,"column":15},"end":{"line":303,"column":null}},"139":{"start":{"line":304,"column":4},"end":{"line":304,"column":null}},"140":{"start":{"line":304,"column":17},"end":{"line":304,"column":null}},"141":{"start":{"line":306,"column":15},"end":{"line":306,"column":null}},"142":{"start":{"line":307,"column":4},"end":{"line":307,"column":null}},"143":{"start":{"line":307,"column":17},"end":{"line":307,"column":null}}},"fnMap":{"0":{"name":"countLines","decl":{"start":{"line":15,"column":16},"end":{"line":15,"column":27}},"loc":{"start":{"line":15,"column":52},"end":{"line":22,"column":null}},"line":15},"1":{"name":"isLargeFile","decl":{"start":{"line":27,"column":16},"end":{"line":27,"column":28}},"loc":{"start":{"line":27,"column":54},"end":{"line":32,"column":null}},"line":27},"2":{"name":"getFileMetrics","decl":{"start":{"line":37,"column":16},"end":{"line":37,"column":31}},"loc":{"start":{"line":37,"column":100},"end":{"line":46,"column":null}},"line":37},"3":{"name":"useDebounce","decl":{"start":{"line":51,"column":16},"end":{"line":51,"column":null}},"loc":{"start":{"line":55,"column":5},"end":{"line":101,"column":null}},"line":55},"4":{"name":"(anonymous_4)","decl":{"start":{"line":63,"column":12},"end":{"line":63,"column":18}},"loc":{"start":{"line":63,"column":18},"end":{"line":66,"column":5}},"line":63},"5":{"name":"(anonymous_5)","decl":{"start":{"line":68,"column":32},"end":{"line":68,"column":36}},"loc":{"start":{"line":68,"column":60},"end":{"line":89,"column":5}},"line":68},"6":{"name":"(anonymous_6)","decl":{"start":{"line":80,"column":36},"end":{"line":80,"column":42}},"loc":{"start":{"line":80,"column":42},"end":{"line":88,"column":7}},"line":80},"7":{"name":"(anonymous_7)","decl":{"start":{"line":92,"column":12},"end":{"line":92,"column":18}},"loc":{"start":{"line":92,"column":18},"end":{"line":98,"column":5}},"line":92},"8":{"name":"(anonymous_8)","decl":{"start":{"line":93,"column":11},"end":{"line":93,"column":17}},"loc":{"start":{"line":93,"column":17},"end":{"line":97,"column":null}},"line":93},"9":{"name":"useThrottledResize","decl":{"start":{"line":106,"column":16},"end":{"line":106,"column":null}},"loc":{"start":{"line":109,"column":2},"end":{"line":178,"column":null}},"line":109},"10":{"name":"(anonymous_10)","decl":{"start":{"line":117,"column":12},"end":{"line":117,"column":18}},"loc":{"start":{"line":117,"column":18},"end":{"line":120,"column":5}},"line":117},"11":{"name":"(anonymous_11)","decl":{"start":{"line":122,"column":30},"end":{"line":122,"column":31}},"loc":{"start":{"line":122,"column":63},"end":{"line":164,"column":5}},"line":122},"12":{"name":"(anonymous_12)","decl":{"start":{"line":131,"column":25},"end":{"line":131,"column":26}},"loc":{"start":{"line":131,"column":61},"end":{"line":153,"column":null}},"line":131},"13":{"name":"(anonymous_13)","decl":{"start":{"line":149,"column":38},"end":{"line":149,"column":44}},"loc":{"start":{"line":149,"column":44},"end":{"line":152,"column":9}},"line":149},"14":{"name":"(anonymous_14)","decl":{"start":{"line":162,"column":17},"end":{"line":162,"column":23}},"loc":{"start":{"line":162,"column":23},"end":{"line":162,"column":69}},"line":162},"15":{"name":"(anonymous_15)","decl":{"start":{"line":166,"column":12},"end":{"line":166,"column":18}},"loc":{"start":{"line":166,"column":18},"end":{"line":175,"column":5}},"line":166},"16":{"name":"(anonymous_16)","decl":{"start":{"line":167,"column":11},"end":{"line":167,"column":17}},"loc":{"start":{"line":167,"column":17},"end":{"line":174,"column":null}},"line":167},"17":{"name":"(anonymous_17)","decl":{"start":{"line":187,"column":2},"end":{"line":187,"column":14}},"loc":{"start":{"line":187,"column":37},"end":{"line":189,"column":null}},"line":187},"18":{"name":"(anonymous_18)","decl":{"start":{"line":191,"column":2},"end":{"line":191,"column":6}},"loc":{"start":{"line":191,"column":29},"end":{"line":199,"column":null}},"line":191},"19":{"name":"(anonymous_19)","decl":{"start":{"line":201,"column":2},"end":{"line":201,"column":6}},"loc":{"start":{"line":201,"column":30},"end":{"line":211,"column":null}},"line":201},"20":{"name":"(anonymous_20)","decl":{"start":{"line":213,"column":2},"end":{"line":213,"column":6}},"loc":{"start":{"line":213,"column":23},"end":{"line":215,"column":null}},"line":213},"21":{"name":"(anonymous_21)","decl":{"start":{"line":217,"column":2},"end":{"line":217,"column":16}},"loc":{"start":{"line":217,"column":16},"end":{"line":219,"column":null}},"line":217},"22":{"name":"(anonymous_22)","decl":{"start":{"line":221,"column":6},"end":{"line":221,"column":21}},"loc":{"start":{"line":221,"column":21},"end":{"line":223,"column":null}},"line":221},"23":{"name":"hashContent","decl":{"start":{"line":229,"column":16},"end":{"line":229,"column":28}},"loc":{"start":{"line":229,"column":53},"end":{"line":238,"column":null}},"line":229},"24":{"name":"useRenderPerf","decl":{"start":{"line":243,"column":16},"end":{"line":243,"column":30}},"loc":{"start":{"line":243,"column":71},"end":{"line":259,"column":null}},"line":243},"25":{"name":"(anonymous_25)","decl":{"start":{"line":247,"column":12},"end":{"line":247,"column":18}},"loc":{"start":{"line":247,"column":18},"end":{"line":258,"column":3}},"line":247},"26":{"name":"processInBatches","decl":{"start":{"line":264,"column":22},"end":{"line":264,"column":null}},"loc":{"start":{"line":269,"column":16},"end":{"line":288,"column":null}},"line":269},"27":{"name":"(anonymous_27)","decl":{"start":{"line":283,"column":24},"end":{"line":283,"column":35}},"loc":{"start":{"line":283,"column":35},"end":{"line":283,"column":57}},"line":283},"28":{"name":"scheduleIdleWork","decl":{"start":{"line":293,"column":16},"end":{"line":293,"column":null}},"loc":{"start":{"line":296,"column":14},"end":{"line":309,"column":null}},"line":296},"29":{"name":"(anonymous_29)","decl":{"start":{"line":299,"column":11},"end":{"line":299,"column":17}},"loc":{"start":{"line":299,"column":17},"end":{"line":299,"column":null}},"line":299},"30":{"name":"(anonymous_30)","decl":{"start":{"line":304,"column":11},"end":{"line":304,"column":17}},"loc":{"start":{"line":304,"column":17},"end":{"line":304,"column":null}},"line":304},"31":{"name":"(anonymous_31)","decl":{"start":{"line":307,"column":11},"end":{"line":307,"column":17}},"loc":{"start":{"line":307,"column":17},"end":{"line":307,"column":null}},"line":307}},"branchMap":{"0":{"loc":{"start":{"line":16,"column":2},"end":{"line":16,"column":null}},"type":"if","locations":[{"start":{"line":16,"column":2},"end":{"line":16,"column":null}},{"start":{},"end":{}}],"line":16},"1":{"loc":{"start":{"line":19,"column":4},"end":{"line":19,"column":null}},"type":"if","locations":[{"start":{"line":19,"column":4},"end":{"line":19,"column":null}},{"start":{},"end":{}}],"line":19},"2":{"loc":{"start":{"line":28,"column":2},"end":{"line":28,"column":null}},"type":"if","locations":[{"start":{"line":28,"column":2},"end":{"line":28,"column":null}},{"start":{},"end":{}}],"line":28},"3":{"loc":{"start":{"line":29,"column":2},"end":{"line":29,"column":null}},"type":"if","locations":[{"start":{"line":29,"column":2},"end":{"line":29,"column":null}},{"start":{},"end":{}}],"line":29},"4":{"loc":{"start":{"line":38,"column":2},"end":{"line":38,"column":null}},"type":"if","locations":[{"start":{"line":38,"column":2},"end":{"line":38,"column":null}},{"start":{},"end":{}}],"line":38},"5":{"loc":{"start":{"line":44,"column":13},"end":{"line":44,"column":null}},"type":"binary-expr","locations":[{"start":{"line":44,"column":13},"end":{"line":44,"column":57}},{"start":{"line":44,"column":57},"end":{"line":44,"column":null}}],"line":44},"6":{"loc":{"start":{"line":54,"column":2},"end":{"line":54,"column":null}},"type":"default-arg","locations":[{"start":{"line":54,"column":55},"end":{"line":54,"column":null}}],"line":54},"7":{"loc":{"start":{"line":71,"column":4},"end":{"line":73,"column":null}},"type":"if","locations":[{"start":{"line":71,"column":4},"end":{"line":73,"column":null}},{"start":{},"end":{}}],"line":71},"8":{"loc":{"start":{"line":75,"column":4},"end":{"line":78,"column":null}},"type":"if","locations":[{"start":{"line":75,"column":4},"end":{"line":78,"column":null}},{"start":{},"end":{}}],"line":75},"9":{"loc":{"start":{"line":75,"column":8},"end":{"line":75,"column":67}},"type":"binary-expr","locations":[{"start":{"line":75,"column":8},"end":{"line":75,"column":38}},{"start":{"line":75,"column":38},"end":{"line":75,"column":67}}],"line":75},"10":{"loc":{"start":{"line":81,"column":6},"end":{"line":85,"column":null}},"type":"if","locations":[{"start":{"line":81,"column":6},"end":{"line":85,"column":null}},{"start":{},"end":{}}],"line":81},"11":{"loc":{"start":{"line":81,"column":10},"end":{"line":81,"column":62}},"type":"binary-expr","locations":[{"start":{"line":81,"column":10},"end":{"line":81,"column":41}},{"start":{"line":81,"column":41},"end":{"line":81,"column":62}}],"line":81},"12":{"loc":{"start":{"line":82,"column":8},"end":{"line":84,"column":null}},"type":"if","locations":[{"start":{"line":82,"column":8},"end":{"line":84,"column":null}},{"start":{},"end":{}}],"line":82},"13":{"loc":{"start":{"line":82,"column":12},"end":{"line":82,"column":72}},"type":"binary-expr","locations":[{"start":{"line":82,"column":12},"end":{"line":82,"column":43}},{"start":{"line":82,"column":43},"end":{"line":82,"column":72}}],"line":82},"14":{"loc":{"start":{"line":94,"column":6},"end":{"line":96,"column":null}},"type":"if","locations":[{"start":{"line":94,"column":6},"end":{"line":96,"column":null}},{"start":{},"end":{}}],"line":94},"15":{"loc":{"start":{"line":108,"column":2},"end":{"line":108,"column":null}},"type":"default-arg","locations":[{"start":{"line":108,"column":18},"end":{"line":108,"column":null}}],"line":108},"16":{"loc":{"start":{"line":124,"column":4},"end":{"line":127,"column":null}},"type":"if","locations":[{"start":{"line":124,"column":4},"end":{"line":127,"column":null}},{"start":{},"end":{}}],"line":124},"17":{"loc":{"start":{"line":129,"column":4},"end":{"line":129,"column":null}},"type":"if","locations":[{"start":{"line":129,"column":4},"end":{"line":129,"column":null}},{"start":{},"end":{}}],"line":129},"18":{"loc":{"start":{"line":133,"column":6},"end":{"line":133,"column":null}},"type":"if","locations":[{"start":{"line":133,"column":6},"end":{"line":133,"column":null}},{"start":{},"end":{}}],"line":133},"19":{"loc":{"start":{"line":138,"column":6},"end":{"line":141,"column":null}},"type":"if","locations":[{"start":{"line":138,"column":6},"end":{"line":141,"column":null}},{"start":{},"end":{}}],"line":138},"20":{"loc":{"start":{"line":138,"column":10},"end":{"line":139,"column":61}},"type":"binary-expr","locations":[{"start":{"line":138,"column":10},"end":{"line":138,"column":null}},{"start":{"line":139,"column":10},"end":{"line":139,"column":61}}],"line":138},"21":{"loc":{"start":{"line":145,"column":6},"end":{"line":147,"column":null}},"type":"if","locations":[{"start":{"line":145,"column":6},"end":{"line":147,"column":null}},{"start":{},"end":{}}],"line":145},"22":{"loc":{"start":{"line":160,"column":4},"end":{"line":163,"column":null}},"type":"if","locations":[{"start":{"line":160,"column":4},"end":{"line":163,"column":null}},{"start":{},"end":{}}],"line":160},"23":{"loc":{"start":{"line":160,"column":8},"end":{"line":160,"column":43}},"type":"binary-expr","locations":[{"start":{"line":160,"column":8},"end":{"line":160,"column":26}},{"start":{"line":160,"column":26},"end":{"line":160,"column":43}}],"line":160},"24":{"loc":{"start":{"line":168,"column":6},"end":{"line":170,"column":null}},"type":"if","locations":[{"start":{"line":168,"column":6},"end":{"line":170,"column":null}},{"start":{},"end":{}}],"line":168},"25":{"loc":{"start":{"line":171,"column":6},"end":{"line":173,"column":null}},"type":"if","locations":[{"start":{"line":171,"column":6},"end":{"line":173,"column":null}},{"start":{},"end":{}}],"line":171},"26":{"loc":{"start":{"line":187,"column":14},"end":{"line":187,"column":37}},"type":"default-arg","locations":[{"start":{"line":187,"column":32},"end":{"line":187,"column":37}}],"line":187},"27":{"loc":{"start":{"line":193,"column":4},"end":{"line":197,"column":null}},"type":"if","locations":[{"start":{"line":193,"column":4},"end":{"line":197,"column":null}},{"start":{},"end":{}}],"line":193},"28":{"loc":{"start":{"line":202,"column":4},"end":{"line":209,"column":null}},"type":"if","locations":[{"start":{"line":202,"column":4},"end":{"line":209,"column":null}},{"start":{"line":204,"column":4},"end":{"line":209,"column":null}}],"line":202},"29":{"loc":{"start":{"line":204,"column":4},"end":{"line":209,"column":null}},"type":"if","locations":[{"start":{"line":204,"column":4},"end":{"line":209,"column":null}},{"start":{},"end":{}}],"line":204},"30":{"loc":{"start":{"line":206,"column":6},"end":{"line":208,"column":null}},"type":"if","locations":[{"start":{"line":206,"column":6},"end":{"line":208,"column":null}},{"start":{},"end":{}}],"line":206},"31":{"loc":{"start":{"line":243,"column":45},"end":{"line":243,"column":71}},"type":"default-arg","locations":[{"start":{"line":243,"column":64},"end":{"line":243,"column":71}}],"line":243},"32":{"loc":{"start":{"line":248,"column":4},"end":{"line":248,"column":null}},"type":"if","locations":[{"start":{"line":248,"column":4},"end":{"line":248,"column":null}},{"start":{},"end":{}}],"line":248},"33":{"loc":{"start":{"line":254,"column":4},"end":{"line":257,"column":null}},"type":"if","locations":[{"start":{"line":254,"column":4},"end":{"line":257,"column":null}},{"start":{},"end":{}}],"line":254},"34":{"loc":{"start":{"line":254,"column":8},"end":{"line":254,"column":78}},"type":"binary-expr","locations":[{"start":{"line":254,"column":8},"end":{"line":254,"column":45}},{"start":{"line":254,"column":45},"end":{"line":254,"column":78}}],"line":254},"35":{"loc":{"start":{"line":267,"column":2},"end":{"line":267,"column":null}},"type":"default-arg","locations":[{"start":{"line":267,"column":22},"end":{"line":267,"column":null}}],"line":267},"36":{"loc":{"start":{"line":277,"column":4},"end":{"line":279,"column":null}},"type":"if","locations":[{"start":{"line":277,"column":4},"end":{"line":279,"column":null}},{"start":{},"end":{}}],"line":277},"37":{"loc":{"start":{"line":282,"column":4},"end":{"line":284,"column":null}},"type":"if","locations":[{"start":{"line":282,"column":4},"end":{"line":284,"column":null}},{"start":{},"end":{}}],"line":282},"38":{"loc":{"start":{"line":295,"column":2},"end":{"line":295,"column":null}},"type":"default-arg","locations":[{"start":{"line":295,"column":20},"end":{"line":295,"column":null}}],"line":295},"39":{"loc":{"start":{"line":297,"column":2},"end":{"line":300,"column":null}},"type":"if","locations":[{"start":{"line":297,"column":2},"end":{"line":300,"column":null}},{"start":{},"end":{}}],"line":297},"40":{"loc":{"start":{"line":302,"column":2},"end":{"line":308,"column":null}},"type":"if","locations":[{"start":{"line":302,"column":2},"end":{"line":308,"column":null}},{"start":{"line":305,"column":9},"end":{"line":308,"column":null}}],"line":302}},"s":{"0":1,"1":10,"2":1,"3":9,"4":9,"5":9,"6":520043,"7":10007,"8":9,"9":4,"10":1,"11":3,"12":1,"13":2,"14":2,"15":4,"16":1,"17":3,"18":3,"19":3,"20":0,"21":0,"22":0,"23":0,"24":0,"25":0,"26":0,"27":0,"28":0,"29":0,"30":0,"31":0,"32":0,"33":0,"34":0,"35":0,"36":0,"37":0,"38":0,"39":0,"40":0,"41":0,"42":0,"43":0,"44":0,"45":0,"46":0,"47":0,"48":0,"49":0,"50":0,"51":0,"52":0,"53":0,"54":0,"55":0,"56":0,"57":0,"58":0,"59":0,"60":0,"61":0,"62":0,"63":0,"64":0,"65":0,"66":0,"67":0,"68":0,"69":0,"70":0,"71":0,"72":0,"73":0,"74":0,"75":0,"76":0,"77":0,"78":0,"79":0,"80":0,"81":0,"82":0,"83":0,"84":0,"85":0,"86":0,"87":9,"88":9,"89":6,"90":6,"91":3,"92":3,"93":6,"94":117,"95":1,"96":116,"97":7,"98":7,"99":7,"100":117,"101":9,"102":1,"103":3,"104":7,"105":7,"106":7,"107":7,"108":10031,"109":10031,"110":10031,"111":7,"112":0,"113":0,"114":0,"115":0,"116":0,"117":0,"118":0,"119":0,"120":0,"121":0,"122":6,"123":6,"124":6,"125":10,"126":10,"127":10,"128":10,"129":2,"130":10,"131":5,"132":5,"133":10,"134":2,"135":2,"136":2,"137":0,"138":0,"139":0,"140":0,"141":0,"142":0,"143":0},"f":{"0":10,"1":4,"2":4,"3":0,"4":0,"5":0,"6":0,"7":0,"8":0,"9":0,"10":0,"11":0,"12":0,"13":0,"14":0,"15":0,"16":0,"17":9,"18":6,"19":117,"20":9,"21":1,"22":3,"23":7,"24":0,"25":0,"26":6,"27":5,"28":2,"29":2,"30":0,"31":0},"b":{"0":[1,9],"1":[10007,510036],"2":[1,3],"3":[1,2],"4":[1,3],"5":[3,2],"6":[0],"7":[0,0],"8":[0,0],"9":[0,0],"10":[0,0],"11":[0,0],"12":[0,0],"13":[0,0],"14":[0,0],"15":[0],"16":[0,0],"17":[0,0],"18":[0,0],"19":[0,0],"20":[0,0],"21":[0,0],"22":[0,0],"23":[0,0],"24":[0,0],"25":[0,0],"26":[9],"27":[3,3],"28":[1,116],"29":[7,109],"30":[7,0],"31":[0],"32":[0,0],"33":[0,0],"34":[0,0],"35":[6],"36":[2,8],"37":[5,5],"38":[2],"39":[2,0],"40":[0,0]},"meta":{"lastBranch":41,"lastFunction":32,"lastStatement":144,"seen":{"s:8:37:12:Infinity":0,"f:15:16:15:27":0,"b:16:2:16:Infinity:undefined:undefined:undefined:undefined":0,"s:16:2:16:Infinity":1,"s:16:16:16:Infinity":2,"s:17:10:17:Infinity":3,"s:18:2:20:Infinity":4,"s:18:15:18:18":5,"b:19:4:19:Infinity:undefined:undefined:undefined:undefined":1,"s:19:4:19:Infinity":6,"s:19:47:19:Infinity":7,"s:21:2:21:Infinity":8,"f:27:16:27:28":1,"b:28:2:28:Infinity:undefined:undefined:undefined:undefined":2,"s:28:2:28:Infinity":9,"s:28:16:28:Infinity":10,"b:29:2:29:Infinity:undefined:undefined:undefined:undefined":3,"s:29:2:29:Infinity":11,"s:29:57:29:Infinity":12,"s:30:20:30:Infinity":13,"s:31:2:31:Infinity":14,"f:37:16:37:31":2,"b:38:2:38:Infinity:undefined:undefined:undefined:undefined":4,"s:38:2:38:Infinity":15,"s:38:16:38:Infinity":16,"s:39:16:39:Infinity":17,"s:40:16:40:Infinity":18,"s:41:2:45:Infinity":19,"b:44:13:44:57:44:57:44:Infinity":5,"f:51:16:51:Infinity":3,"b:54:55:54:Infinity":6,"s:56:8:56:Infinity":20,"s:57:8:57:Infinity":21,"s:58:8:58:Infinity":22,"s:59:8:59:Infinity":23,"s:60:8:60:Infinity":24,"s:63:2:66:Infinity":25,"f:63:12:63:18":4,"s:64:4:64:Infinity":26,"s:65:4:65:Infinity":27,"s:68:8:89:Infinity":28,"f:68:32:68:36":5,"s:69:4:69:Infinity":29,"b:71:4:73:Infinity:undefined:undefined:undefined:undefined":7,"s:71:4:73:Infinity":30,"s:72:6:72:Infinity":31,"b:75:4:78:Infinity:undefined:undefined:undefined:undefined":8,"s:75:4:78:Infinity":32,"b:75:8:75:38:75:38:75:67":9,"s:76:6:76:Infinity":33,"s:77:6:77:Infinity":34,"s:80:4:88:Infinity":35,"f:80:36:80:42":6,"b:81:6:85:Infinity:undefined:undefined:undefined:undefined":10,"s:81:6:85:Infinity":36,"b:81:10:81:41:81:41:81:62":11,"b:82:8:84:Infinity:undefined:undefined:undefined:undefined":12,"s:82:8:84:Infinity":37,"b:82:12:82:43:82:43:82:72":13,"s:83:10:83:Infinity":38,"s:86:6:86:Infinity":39,"s:87:6:87:Infinity":40,"s:92:2:98:Infinity":41,"f:92:12:92:18":7,"s:93:4:97:Infinity":42,"f:93:11:93:17":8,"b:94:6:96:Infinity:undefined:undefined:undefined:undefined":14,"s:94:6:96:Infinity":43,"s:95:8:95:Infinity":44,"s:100:2:100:Infinity":45,"f:106:16:106:Infinity":9,"b:108:18:108:Infinity":15,"s:110:8:110:Infinity":46,"s:111:8:111:Infinity":47,"s:112:8:112:Infinity":48,"s:113:8:113:Infinity":49,"s:114:8:114:Infinity":50,"s:117:2:120:Infinity":51,"f:117:12:117:18":10,"s:118:4:118:Infinity":52,"s:119:4:119:Infinity":53,"s:122:8:164:Infinity":54,"f:122:30:122:31":11,"b:124:4:127:Infinity:undefined:undefined:undefined:undefined":16,"s:124:4:127:Infinity":55,"s:125:6:125:Infinity":56,"s:126:6:126:Infinity":57,"b:129:4:129:Infinity:undefined:undefined:undefined:undefined":17,"s:129:4:129:Infinity":58,"s:129:18:129:Infinity":59,"s:131:25:153:Infinity":60,"f:131:25:131:26":12,"s:132:20:132:Infinity":61,"b:133:6:133:Infinity:undefined:undefined:undefined:undefined":18,"s:133:6:133:Infinity":62,"s:133:18:133:Infinity":63,"s:135:32:135:Infinity":64,"b:138:6:141:Infinity:undefined:undefined:undefined:undefined":19,"s:138:6:141:Infinity":65,"b:138:10:138:Infinity:139:10:139:61":20,"s:140:8:140:Infinity":66,"s:143:6:143:Infinity":67,"b:145:6:147:Infinity:undefined:undefined:undefined:undefined":21,"s:145:6:147:Infinity":68,"s:146:8:146:Infinity":69,"s:149:6:152:Infinity":70,"f:149:38:149:44":13,"s:150:8:150:Infinity":71,"s:151:8:151:Infinity":72,"s:155:4:155:Infinity":73,"s:156:4:156:Infinity":74,"s:159:17:159:Infinity":75,"b:160:4:163:Infinity:undefined:undefined:undefined:undefined":22,"s:160:4:163:Infinity":76,"b:160:8:160:26:160:26:160:43":23,"s:161:6:161:Infinity":77,"s:162:6:162:Infinity":78,"f:162:17:162:23":14,"s:162:23:162:69":79,"s:166:2:175:Infinity":80,"f:166:12:166:18":15,"s:167:4:174:Infinity":81,"f:167:11:167:17":16,"b:168:6:170:Infinity:undefined:undefined:undefined:undefined":24,"s:168:6:170:Infinity":82,"s:169:8:169:Infinity":83,"b:171:6:173:Infinity:undefined:undefined:undefined:undefined":25,"s:171:6:173:Infinity":84,"s:172:8:172:Infinity":85,"s:177:2:177:Infinity":86,"f:187:2:187:14":17,"b:187:32:187:37":26,"s:184:2:184:Infinity":87,"s:188:4:188:Infinity":88,"f:191:2:191:6":18,"s:192:18:192:Infinity":89,"b:193:4:197:Infinity:undefined:undefined:undefined:undefined":27,"s:193:4:197:Infinity":90,"s:195:6:195:Infinity":91,"s:196:6:196:Infinity":92,"s:198:4:198:Infinity":93,"f:201:2:201:6":19,"b:202:4:209:Infinity:204:4:209:Infinity":28,"s:202:4:209:Infinity":94,"s:203:6:203:Infinity":95,"b:204:4:209:Infinity:undefined:undefined:undefined:undefined":29,"s:204:4:209:Infinity":96,"s:205:23:205:Infinity":97,"b:206:6:208:Infinity:undefined:undefined:undefined:undefined":30,"s:206:6:208:Infinity":98,"s:207:8:207:Infinity":99,"s:210:4:210:Infinity":100,"f:213:2:213:6":20,"s:214:4:214:Infinity":101,"f:217:2:217:16":21,"s:218:4:218:Infinity":102,"f:221:6:221:21":22,"s:222:4:222:Infinity":103,"f:229:16:229:28":23,"s:230:13:230:Infinity":104,"s:231:14:231:Infinity":105,"s:232:2:236:Infinity":106,"s:232:15:232:18":107,"s:233:17:233:Infinity":108,"s:234:4:234:Infinity":109,"s:235:4:235:Infinity":110,"s:237:2:237:Infinity":111,"f:243:16:243:30":24,"b:243:64:243:71":31,"s:244:8:244:Infinity":112,"s:245:8:245:Infinity":113,"s:247:2:258:Infinity":114,"f:247:12:247:18":25,"b:248:4:248:Infinity:undefined:undefined:undefined:undefined":32,"s:248:4:248:Infinity":115,"s:248:18:248:Infinity":116,"s:250:4:250:Infinity":117,"s:251:16:251:Infinity":118,"b:254:4:257:Infinity:undefined:undefined:undefined:undefined":33,"s:254:4:257:Infinity":119,"b:254:8:254:45:254:45:254:78":34,"s:255:6:255:Infinity":120,"s:256:6:256:Infinity":121,"f:264:22:264:Infinity":26,"b:267:22:267:Infinity":35,"s:270:23:270:Infinity":122,"s:272:2:285:Infinity":123,"s:272:15:272:18":124,"s:273:18:273:Infinity":125,"s:274:25:274:Infinity":126,"s:275:4:275:Infinity":127,"b:277:4:279:Infinity:undefined:undefined:undefined:undefined":36,"s:277:4:279:Infinity":128,"s:278:6:278:Infinity":129,"b:282:4:284:Infinity:undefined:undefined:undefined:undefined":37,"s:282:4:284:Infinity":130,"s:283:6:283:Infinity":131,"f:283:24:283:35":27,"s:283:35:283:57":132,"s:287:2:287:Infinity":133,"f:293:16:293:Infinity":28,"b:295:20:295:Infinity":38,"b:297:2:300:Infinity:undefined:undefined:undefined:undefined":39,"s:297:2:300:Infinity":134,"s:298:4:298:Infinity":135,"s:299:4:299:Infinity":136,"f:299:11:299:17":29,"b:302:2:308:Infinity:305:9:308:Infinity":40,"s:302:2:308:Infinity":137,"s:303:15:303:Infinity":138,"s:304:4:304:Infinity":139,"f:304:11:304:17":30,"s:304:17:304:Infinity":140,"s:306:15:306:Infinity":141,"s:307:4:307:Infinity":142,"f:307:11:307:17":31,"s:307:17:307:Infinity":143}}}
}
