{"/Users/yunz/Code/VibeCoding/markdown-press/src/components/editor/preview/previewMedia.ts": {"path":"/Users/yunz/Code/VibeCoding/markdown-press/src/components/editor/preview/previewMedia.ts","statementMap":{"0":{"start":{"line":8,"column":2},"end":{"line":8,"column":null}},"1":{"start":{"line":12,"column":2},"end":{"line":12,"column":null}},"2":{"start":{"line":16,"column":2},"end":{"line":16,"column":null}},"3":{"start":{"line":20,"column":2},"end":{"line":20,"column":null}},"4":{"start":{"line":24,"column":20},"end":{"line":24,"column":null}},"5":{"start":{"line":25,"column":2},"end":{"line":25,"column":null}},"6":{"start":{"line":26,"column":2},"end":{"line":26,"column":null}},"7":{"start":{"line":27,"column":2},"end":{"line":27,"column":null}},"8":{"start":{"line":28,"column":2},"end":{"line":30,"column":null}},"9":{"start":{"line":29,"column":4},"end":{"line":29,"column":null}},"10":{"start":{"line":31,"column":2},"end":{"line":31,"column":null}},"11":{"start":{"line":32,"column":2},"end":{"line":32,"column":null}},"12":{"start":{"line":33,"column":2},"end":{"line":33,"column":null}},"13":{"start":{"line":37,"column":2},"end":{"line":37,"column":null}},"14":{"start":{"line":41,"column":2},"end":{"line":41,"column":null}},"15":{"start":{"line":45,"column":2},"end":{"line":45,"column":null}},"16":{"start":{"line":45,"column":13},"end":{"line":45,"column":null}},"17":{"start":{"line":50,"column":2},"end":{"line":50,"column":null}},"18":{"start":{"line":54,"column":2},"end":{"line":54,"column":null}},"19":{"start":{"line":58,"column":19},"end":{"line":58,"column":null}},"20":{"start":{"line":59,"column":16},"end":{"line":59,"column":null}},"21":{"start":{"line":61,"column":2},"end":{"line":73,"column":null}},"22":{"start":{"line":62,"column":4},"end":{"line":62,"column":null}},"23":{"start":{"line":63,"column":2},"end":{"line":73,"column":null}},"24":{"start":{"line":64,"column":4},"end":{"line":70,"column":null}},"25":{"start":{"line":65,"column":6},"end":{"line":65,"column":null}},"26":{"start":{"line":66,"column":4},"end":{"line":70,"column":null}},"27":{"start":{"line":67,"column":6},"end":{"line":67,"column":null}},"28":{"start":{"line":68,"column":4},"end":{"line":70,"column":null}},"29":{"start":{"line":69,"column":6},"end":{"line":69,"column":null}},"30":{"start":{"line":71,"column":2},"end":{"line":73,"column":null}},"31":{"start":{"line":72,"column":4},"end":{"line":72,"column":null}},"32":{"start":{"line":75,"column":2},"end":{"line":75,"column":null}},"33":{"start":{"line":75,"column":16},"end":{"line":75,"column":null}},"34":{"start":{"line":77,"column":19},"end":{"line":77,"column":null}},"35":{"start":{"line":78,"column":16},"end":{"line":78,"column":null}},"36":{"start":{"line":79,"column":2},"end":{"line":81,"column":null}},"37":{"start":{"line":80,"column":4},"end":{"line":80,"column":null}},"38":{"start":{"line":83,"column":2},"end":{"line":87,"column":null}},"39":{"start":{"line":91,"column":19},"end":{"line":91,"column":null}},"40":{"start":{"line":93,"column":2},"end":{"line":99,"column":null}},"41":{"start":{"line":94,"column":4},"end":{"line":98,"column":null}},"42":{"start":{"line":101,"column":2},"end":{"line":103,"column":null}},"43":{"start":{"line":102,"column":4},"end":{"line":102,"column":null}},"44":{"start":{"line":105,"column":16},"end":{"line":105,"column":null}},"45":{"start":{"line":106,"column":2},"end":{"line":106,"column":null}},"46":{"start":{"line":106,"column":14},"end":{"line":106,"column":null}},"47":{"start":{"line":108,"column":16},"end":{"line":108,"column":null}},"48":{"start":{"line":109,"column":19},"end":{"line":109,"column":null}},"49":{"start":{"line":111,"column":2},"end":{"line":115,"column":null}},"50":{"start":{"line":112,"column":4},"end":{"line":112,"column":null}},"51":{"start":{"line":114,"column":4},"end":{"line":114,"column":null}},"52":{"start":{"line":117,"column":15},"end":{"line":117,"column":null}},"53":{"start":{"line":118,"column":2},"end":{"line":120,"column":null}},"54":{"start":{"line":119,"column":4},"end":{"line":119,"column":null}},"55":{"start":{"line":122,"column":2},"end":{"line":126,"column":null}},"56":{"start":{"line":130,"column":2},"end":{"line":135,"column":null}},"57":{"start":{"line":131,"column":16},"end":{"line":131,"column":null}},"58":{"start":{"line":132,"column":4},"end":{"line":132,"column":null}},"59":{"start":{"line":134,"column":4},"end":{"line":134,"column":null}},"60":{"start":{"line":139,"column":18},"end":{"line":139,"column":null}},"61":{"start":{"line":140,"column":2},"end":{"line":140,"column":null}},"62":{"start":{"line":142,"column":16},"end":{"line":142,"column":null}},"63":{"start":{"line":143,"column":2},"end":{"line":143,"column":null}},"64":{"start":{"line":144,"column":2},"end":{"line":144,"column":null}},"65":{"start":{"line":145,"column":2},"end":{"line":145,"column":null}},"66":{"start":{"line":146,"column":2},"end":{"line":146,"column":null}},"67":{"start":{"line":147,"column":2},"end":{"line":147,"column":null}},"68":{"start":{"line":148,"column":2},"end":{"line":148,"column":null}},"69":{"start":{"line":149,"column":2},"end":{"line":152,"column":null}},"70":{"start":{"line":154,"column":2},"end":{"line":154,"column":null}},"71":{"start":{"line":155,"column":2},"end":{"line":155,"column":null}},"72":{"start":{"line":159,"column":2},"end":{"line":159,"column":null}},"73":{"start":{"line":160,"column":2},"end":{"line":162,"column":null}},"74":{"start":{"line":161,"column":4},"end":{"line":161,"column":null}},"75":{"start":{"line":163,"column":2},"end":{"line":165,"column":null}},"76":{"start":{"line":164,"column":4},"end":{"line":164,"column":null}},"77":{"start":{"line":166,"column":2},"end":{"line":171,"column":null}},"78":{"start":{"line":167,"column":4},"end":{"line":170,"column":null}},"79":{"start":{"line":172,"column":2},"end":{"line":172,"column":null}},"80":{"start":{"line":176,"column":2},"end":{"line":176,"column":null}},"81":{"start":{"line":177,"column":2},"end":{"line":177,"column":null}},"82":{"start":{"line":178,"column":2},"end":{"line":178,"column":null}},"83":{"start":{"line":179,"column":2},"end":{"line":179,"column":null}},"84":{"start":{"line":180,"column":2},"end":{"line":180,"column":null}},"85":{"start":{"line":181,"column":2},"end":{"line":181,"column":null}}},"fnMap":{"0":{"name":"hasUriScheme","decl":{"start":{"line":7,"column":16},"end":{"line":7,"column":29}},"loc":{"start":{"line":7,"column":53},"end":{"line":9,"column":null}},"line":7},"1":{"name":"isImageAttachment","decl":{"start":{"line":11,"column":16},"end":{"line":11,"column":34}},"loc":{"start":{"line":11,"column":61},"end":{"line":13,"column":null}},"line":11},"2":{"name":"isMarkdownNote","decl":{"start":{"line":15,"column":16},"end":{"line":15,"column":31}},"loc":{"start":{"line":15,"column":58},"end":{"line":17,"column":null}},"line":15},"3":{"name":"isPdfAttachment","decl":{"start":{"line":19,"column":16},"end":{"line":19,"column":32}},"loc":{"start":{"line":19,"column":59},"end":{"line":21,"column":null}},"line":19},"4":{"name":"createPreviewPdfContainer","decl":{"start":{"line":23,"column":16},"end":{"line":23,"column":42}},"loc":{"start":{"line":23,"column":121},"end":{"line":34,"column":null}},"line":23},"5":{"name":"isVideoAttachment","decl":{"start":{"line":36,"column":16},"end":{"line":36,"column":34}},"loc":{"start":{"line":36,"column":61},"end":{"line":38,"column":null}},"line":36},"6":{"name":"isHtmlDocument","decl":{"start":{"line":40,"column":16},"end":{"line":40,"column":31}},"loc":{"start":{"line":40,"column":58},"end":{"line":42,"column":null}},"line":40},"7":{"name":"hasWikiEmbedsInHtml","decl":{"start":{"line":44,"column":16},"end":{"line":44,"column":36}},"loc":{"start":{"line":44,"column":59},"end":{"line":51,"column":null}},"line":44},"8":{"name":"hasEmbeddableMediaLinksInHtml","decl":{"start":{"line":53,"column":16},"end":{"line":53,"column":46}},"loc":{"start":{"line":53,"column":69},"end":{"line":55,"column":null}},"line":53},"9":{"name":"resolveYouTubeEmbed","decl":{"start":{"line":57,"column":9},"end":{"line":57,"column":29}},"loc":{"start":{"line":57,"column":66},"end":{"line":88,"column":null}},"line":57},"10":{"name":"resolveBilibiliEmbed","decl":{"start":{"line":90,"column":9},"end":{"line":90,"column":30}},"loc":{"start":{"line":90,"column":67},"end":{"line":127,"column":null}},"line":90},"11":{"name":"resolveExternalVideoEmbed","decl":{"start":{"line":129,"column":16},"end":{"line":129,"column":42}},"loc":{"start":{"line":129,"column":85},"end":{"line":136,"column":null}},"line":129},"12":{"name":"buildIframeEmbed","decl":{"start":{"line":138,"column":16},"end":{"line":138,"column":33}},"loc":{"start":{"line":138,"column":93},"end":{"line":156,"column":null}},"line":138},"13":{"name":"normalizeExistingIframe","decl":{"start":{"line":158,"column":16},"end":{"line":158,"column":40}},"loc":{"start":{"line":158,"column":72},"end":{"line":173,"column":null}},"line":158},"14":{"name":"configurePreviewImageElement","decl":{"start":{"line":175,"column":16},"end":{"line":175,"column":45}},"loc":{"start":{"line":175,"column":110},"end":{"line":182,"column":null}},"line":175}},"branchMap":{"0":{"loc":{"start":{"line":28,"column":2},"end":{"line":30,"column":null}},"type":"if","locations":[{"start":{"line":28,"column":2},"end":{"line":30,"column":null}},{"start":{},"end":{}}],"line":28},"1":{"loc":{"start":{"line":45,"column":2},"end":{"line":45,"column":null}},"type":"if","locations":[{"start":{"line":45,"column":2},"end":{"line":45,"column":null}},{"start":{},"end":{}}],"line":45},"2":{"loc":{"start":{"line":61,"column":2},"end":{"line":73,"column":null}},"type":"if","locations":[{"start":{"line":61,"column":2},"end":{"line":73,"column":null}},{"start":{"line":63,"column":2},"end":{"line":73,"column":null}}],"line":61},"3":{"loc":{"start":{"line":62,"column":14},"end":{"line":62,"column":null}},"type":"binary-expr","locations":[{"start":{"line":62,"column":14},"end":{"line":62,"column":60}},{"start":{"line":62,"column":60},"end":{"line":62,"column":null}}],"line":62},"4":{"loc":{"start":{"line":63,"column":2},"end":{"line":73,"column":null}},"type":"if","locations":[{"start":{"line":63,"column":2},"end":{"line":73,"column":null}},{"start":{"line":71,"column":2},"end":{"line":73,"column":null}}],"line":63},"5":{"loc":{"start":{"line":63,"column":13},"end":{"line":63,"column":73}},"type":"binary-expr","locations":[{"start":{"line":63,"column":13},"end":{"line":63,"column":43}},{"start":{"line":63,"column":43},"end":{"line":63,"column":73}}],"line":63},"6":{"loc":{"start":{"line":64,"column":4},"end":{"line":70,"column":null}},"type":"if","locations":[{"start":{"line":64,"column":4},"end":{"line":70,"column":null}},{"start":{"line":66,"column":4},"end":{"line":70,"column":null}}],"line":64},"7":{"loc":{"start":{"line":65,"column":16},"end":{"line":65,"column":null}},"type":"binary-expr","locations":[{"start":{"line":65,"column":16},"end":{"line":65,"column":45}},{"start":{"line":65,"column":45},"end":{"line":65,"column":null}}],"line":65},"8":{"loc":{"start":{"line":66,"column":4},"end":{"line":70,"column":null}},"type":"if","locations":[{"start":{"line":66,"column":4},"end":{"line":70,"column":null}},{"start":{"line":68,"column":4},"end":{"line":70,"column":null}}],"line":66},"9":{"loc":{"start":{"line":67,"column":16},"end":{"line":67,"column":null}},"type":"binary-expr","locations":[{"start":{"line":67,"column":16},"end":{"line":67,"column":46}},{"start":{"line":67,"column":46},"end":{"line":67,"column":null}}],"line":67},"10":{"loc":{"start":{"line":68,"column":4},"end":{"line":70,"column":null}},"type":"if","locations":[{"start":{"line":68,"column":4},"end":{"line":70,"column":null}},{"start":{},"end":{}}],"line":68},"11":{"loc":{"start":{"line":69,"column":16},"end":{"line":69,"column":null}},"type":"binary-expr","locations":[{"start":{"line":69,"column":16},"end":{"line":69,"column":46}},{"start":{"line":69,"column":46},"end":{"line":69,"column":null}}],"line":69},"12":{"loc":{"start":{"line":71,"column":2},"end":{"line":73,"column":null}},"type":"if","locations":[{"start":{"line":71,"column":2},"end":{"line":73,"column":null}},{"start":{},"end":{}}],"line":71},"13":{"loc":{"start":{"line":71,"column":13},"end":{"line":71,"column":88}},"type":"binary-expr","locations":[{"start":{"line":71,"column":13},"end":{"line":71,"column":52}},{"start":{"line":71,"column":52},"end":{"line":71,"column":88}}],"line":71},"14":{"loc":{"start":{"line":72,"column":14},"end":{"line":72,"column":null}},"type":"binary-expr","locations":[{"start":{"line":72,"column":14},"end":{"line":72,"column":44}},{"start":{"line":72,"column":44},"end":{"line":72,"column":null}}],"line":72},"15":{"loc":{"start":{"line":75,"column":2},"end":{"line":75,"column":null}},"type":"if","locations":[{"start":{"line":75,"column":2},"end":{"line":75,"column":null}},{"start":{},"end":{}}],"line":75},"16":{"loc":{"start":{"line":78,"column":16},"end":{"line":78,"column":null}},"type":"binary-expr","locations":[{"start":{"line":78,"column":16},"end":{"line":78,"column":45}},{"start":{"line":78,"column":45},"end":{"line":78,"column":null}}],"line":78},"17":{"loc":{"start":{"line":79,"column":2},"end":{"line":81,"column":null}},"type":"if","locations":[{"start":{"line":79,"column":2},"end":{"line":81,"column":null}},{"start":{},"end":{}}],"line":79},"18":{"loc":{"start":{"line":93,"column":2},"end":{"line":99,"column":null}},"type":"if","locations":[{"start":{"line":93,"column":2},"end":{"line":99,"column":null}},{"start":{},"end":{}}],"line":93},"19":{"loc":{"start":{"line":93,"column":6},"end":{"line":93,"column":77}},"type":"binary-expr","locations":[{"start":{"line":93,"column":6},"end":{"line":93,"column":44}},{"start":{"line":93,"column":44},"end":{"line":93,"column":77}}],"line":93},"20":{"loc":{"start":{"line":101,"column":2},"end":{"line":103,"column":null}},"type":"if","locations":[{"start":{"line":101,"column":2},"end":{"line":103,"column":null}},{"start":{},"end":{}}],"line":101},"21":{"loc":{"start":{"line":106,"column":2},"end":{"line":106,"column":null}},"type":"if","locations":[{"start":{"line":106,"column":2},"end":{"line":106,"column":null}},{"start":{},"end":{}}],"line":106},"22":{"loc":{"start":{"line":111,"column":2},"end":{"line":115,"column":null}},"type":"if","locations":[{"start":{"line":111,"column":2},"end":{"line":115,"column":null}},{"start":{"line":113,"column":9},"end":{"line":115,"column":null}}],"line":111},"23":{"loc":{"start":{"line":118,"column":2},"end":{"line":120,"column":null}},"type":"if","locations":[{"start":{"line":118,"column":2},"end":{"line":120,"column":null}},{"start":{},"end":{}}],"line":118},"24":{"loc":{"start":{"line":132,"column":11},"end":{"line":132,"column":null}},"type":"binary-expr","locations":[{"start":{"line":132,"column":11},"end":{"line":132,"column":39}},{"start":{"line":132,"column":39},"end":{"line":132,"column":null}}],"line":132},"25":{"loc":{"start":{"line":160,"column":2},"end":{"line":162,"column":null}},"type":"if","locations":[{"start":{"line":160,"column":2},"end":{"line":162,"column":null}},{"start":{},"end":{}}],"line":160},"26":{"loc":{"start":{"line":163,"column":2},"end":{"line":165,"column":null}},"type":"if","locations":[{"start":{"line":163,"column":2},"end":{"line":165,"column":null}},{"start":{},"end":{}}],"line":163},"27":{"loc":{"start":{"line":166,"column":2},"end":{"line":171,"column":null}},"type":"if","locations":[{"start":{"line":166,"column":2},"end":{"line":171,"column":null}},{"start":{},"end":{}}],"line":166}},"s":{"0":0,"1":0,"2":0,"3":0,"4":0,"5":0,"6":0,"7":0,"8":0,"9":0,"10":0,"11":0,"12":0,"13":0,"14":0,"15":1,"16":0,"17":1,"18":0,"19":0,"20":0,"21":0,"22":0,"23":0,"24":0,"25":0,"26":0,"27":0,"28":0,"29":0,"30":0,"31":0,"32":0,"33":0,"34":0,"35":0,"36":0,"37":0,"38":0,"39":0,"40":0,"41":0,"42":0,"43":0,"44":0,"45":0,"46":0,"47":0,"48":0,"49":0,"50":0,"51":0,"52":0,"53":0,"54":0,"55":0,"56":0,"57":0,"58":0,"59":0,"60":0,"61":0,"62":0,"63":0,"64":0,"65":0,"66":0,"67":0,"68":0,"69":0,"70":0,"71":0,"72":0,"73":0,"74":0,"75":0,"76":0,"77":0,"78":0,"79":0,"80":0,"81":0,"82":0,"83":0,"84":0,"85":0},"f":{"0":0,"1":0,"2":0,"3":0,"4":0,"5":0,"6":0,"7":1,"8":0,"9":0,"10":0,"11":0,"12":0,"13":0,"14":0},"b":{"0":[0,0],"1":[0,1],"2":[0,0],"3":[0,0],"4":[0,0],"5":[0,0],"6":[0,0],"7":[0,0],"8":[0,0],"9":[0,0],"10":[0,0],"11":[0,0],"12":[0,0],"13":[0,0],"14":[0,0],"15":[0,0],"16":[0,0],"17":[0,0],"18":[0,0],"19":[0,0],"20":[0,0],"21":[0,0],"22":[0,0],"23":[0,0],"24":[0,0],"25":[0,0],"26":[0,0],"27":[0,0]},"meta":{"lastBranch":28,"lastFunction":15,"lastStatement":86,"seen":{"f:7:16:7:29":0,"s:8:2:8:Infinity":0,"f:11:16:11:34":1,"s:12:2:12:Infinity":1,"f:15:16:15:31":2,"s:16:2:16:Infinity":2,"f:19:16:19:32":3,"s:20:2:20:Infinity":3,"f:23:16:23:42":4,"s:24:20:24:Infinity":4,"s:25:2:25:Infinity":5,"s:26:2:26:Infinity":6,"s:27:2:27:Infinity":7,"b:28:2:30:Infinity:undefined:undefined:undefined:undefined":0,"s:28:2:30:Infinity":8,"s:29:4:29:Infinity":9,"s:31:2:31:Infinity":10,"s:32:2:32:Infinity":11,"s:33:2:33:Infinity":12,"f:36:16:36:34":5,"s:37:2:37:Infinity":13,"f:40:16:40:31":6,"s:41:2:41:Infinity":14,"f:44:16:44:36":7,"b:45:2:45:Infinity:undefined:undefined:undefined:undefined":1,"s:45:2:45:Infinity":15,"s:45:13:45:Infinity":16,"s:50:2:50:Infinity":17,"f:53:16:53:46":8,"s:54:2:54:Infinity":18,"f:57:9:57:29":9,"s:58:19:58:Infinity":19,"s:59:16:59:Infinity":20,"b:61:2:73:Infinity:63:2:73:Infinity":2,"s:61:2:73:Infinity":21,"s:62:4:62:Infinity":22,"b:62:14:62:60:62:60:62:Infinity":3,"b:63:2:73:Infinity:71:2:73:Infinity":4,"s:63:2:73:Infinity":23,"b:63:13:63:43:63:43:63:73":5,"b:64:4:70:Infinity:66:4:70:Infinity":6,"s:64:4:70:Infinity":24,"s:65:6:65:Infinity":25,"b:65:16:65:45:65:45:65:Infinity":7,"b:66:4:70:Infinity:68:4:70:Infinity":8,"s:66:4:70:Infinity":26,"s:67:6:67:Infinity":27,"b:67:16:67:46:67:46:67:Infinity":9,"b:68:4:70:Infinity:undefined:undefined:undefined:undefined":10,"s:68:4:70:Infinity":28,"s:69:6:69:Infinity":29,"b:69:16:69:46:69:46:69:Infinity":11,"b:71:2:73:Infinity:undefined:undefined:undefined:undefined":12,"s:71:2:73:Infinity":30,"b:71:13:71:52:71:52:71:88":13,"s:72:4:72:Infinity":31,"b:72:14:72:44:72:44:72:Infinity":14,"b:75:2:75:Infinity:undefined:undefined:undefined:undefined":15,"s:75:2:75:Infinity":32,"s:75:16:75:Infinity":33,"s:77:19:77:Infinity":34,"s:78:16:78:Infinity":35,"b:78:16:78:45:78:45:78:Infinity":16,"b:79:2:81:Infinity:undefined:undefined:undefined:undefined":17,"s:79:2:81:Infinity":36,"s:80:4:80:Infinity":37,"s:83:2:87:Infinity":38,"f:90:9:90:30":10,"s:91:19:91:Infinity":39,"b:93:2:99:Infinity:undefined:undefined:undefined:undefined":18,"s:93:2:99:Infinity":40,"b:93:6:93:44:93:44:93:77":19,"s:94:4:98:Infinity":41,"b:101:2:103:Infinity:undefined:undefined:undefined:undefined":20,"s:101:2:103:Infinity":42,"s:102:4:102:Infinity":43,"s:105:16:105:Infinity":44,"b:106:2:106:Infinity:undefined:undefined:undefined:undefined":21,"s:106:2:106:Infinity":45,"s:106:14:106:Infinity":46,"s:108:16:108:Infinity":47,"s:109:19:109:Infinity":48,"b:111:2:115:Infinity:113:9:115:Infinity":22,"s:111:2:115:Infinity":49,"s:112:4:112:Infinity":50,"s:114:4:114:Infinity":51,"s:117:15:117:Infinity":52,"b:118:2:120:Infinity:undefined:undefined:undefined:undefined":23,"s:118:2:120:Infinity":53,"s:119:4:119:Infinity":54,"s:122:2:126:Infinity":55,"f:129:16:129:42":11,"s:130:2:135:Infinity":56,"s:131:16:131:Infinity":57,"s:132:4:132:Infinity":58,"b:132:11:132:39:132:39:132:Infinity":24,"s:134:4:134:Infinity":59,"f:138:16:138:33":12,"s:139:18:139:Infinity":60,"s:140:2:140:Infinity":61,"s:142:16:142:Infinity":62,"s:143:2:143:Infinity":63,"s:144:2:144:Infinity":64,"s:145:2:145:Infinity":65,"s:146:2:146:Infinity":66,"s:147:2:147:Infinity":67,"s:148:2:148:Infinity":68,"s:149:2:152:Infinity":69,"s:154:2:154:Infinity":70,"s:155:2:155:Infinity":71,"f:158:16:158:40":13,"s:159:2:159:Infinity":72,"b:160:2:162:Infinity:undefined:undefined:undefined:undefined":25,"s:160:2:162:Infinity":73,"s:161:4:161:Infinity":74,"b:163:2:165:Infinity:undefined:undefined:undefined:undefined":26,"s:163:2:165:Infinity":75,"s:164:4:164:Infinity":76,"b:166:2:171:Infinity:undefined:undefined:undefined:undefined":27,"s:166:2:171:Infinity":77,"s:167:4:170:Infinity":78,"s:172:2:172:Infinity":79,"f:175:16:175:45":14,"s:176:2:176:Infinity":80,"s:177:2:177:Infinity":81,"s:178:2:178:Infinity":82,"s:179:2:179:Infinity":83,"s:180:2:180:Infinity":84,"s:181:2:181:Infinity":85}}}
,"/Users/yunz/Code/VibeCoding/markdown-press/src/components/editor/preview/previewRenderCore.ts": {"path":"/Users/yunz/Code/VibeCoding/markdown-press/src/components/editor/preview/previewRenderCore.ts","statementMap":{"0":{"start":{"line":20,"column":120},"end":{"line":20,"column":null}},"1":{"start":{"line":22,"column":2},"end":{"line":24,"column":null}},"2":{"start":{"line":23,"column":4},"end":{"line":23,"column":null}},"3":{"start":{"line":26,"column":2},"end":{"line":28,"column":null}},"4":{"start":{"line":27,"column":4},"end":{"line":27,"column":null}},"5":{"start":{"line":30,"column":28},"end":{"line":30,"column":null}},"6":{"start":{"line":31,"column":2},"end":{"line":40,"column":null}},"7":{"start":{"line":32,"column":10},"end":{"line":35,"column":null}},"8":{"start":{"line":36,"column":4},"end":{"line":36,"column":null}},"9":{"start":{"line":38,"column":4},"end":{"line":38,"column":null}},"10":{"start":{"line":39,"column":4},"end":{"line":39,"column":null}},"11":{"start":{"line":44,"column":2},"end":{"line":46,"column":null}},"12":{"start":{"line":45,"column":4},"end":{"line":45,"column":null}},"13":{"start":{"line":48,"column":2},"end":{"line":51,"column":null}},"14":{"start":{"line":59,"column":2},"end":{"line":59,"column":null}},"15":{"start":{"line":63,"column":24},"end":{"line":63,"column":null}},"16":{"start":{"line":65,"column":2},"end":{"line":71,"column":null}}},"fnMap":{"0":{"name":"renderMarkdownPreview","decl":{"start":{"line":19,"column":16},"end":{"line":19,"column":38}},"loc":{"start":{"line":19,"column":77},"end":{"line":41,"column":null}},"line":19},"1":{"name":"sanitizeHtmlPreview","decl":{"start":{"line":43,"column":16},"end":{"line":43,"column":36}},"loc":{"start":{"line":43,"column":85},"end":{"line":52,"column":null}},"line":43},"2":{"name":"getBasePreviewHtml","decl":{"start":{"line":54,"column":16},"end":{"line":54,"column":null}},"loc":{"start":{"line":58,"column":10},"end":{"line":60,"column":null}},"line":58},"3":{"name":"shouldUseAsyncPreviewEnhancement","decl":{"start":{"line":62,"column":16},"end":{"line":62,"column":49}},"loc":{"start":{"line":62,"column":111},"end":{"line":73,"column":null}},"line":62}},"branchMap":{"0":{"loc":{"start":{"line":22,"column":2},"end":{"line":24,"column":null}},"type":"if","locations":[{"start":{"line":22,"column":2},"end":{"line":24,"column":null}},{"start":{},"end":{}}],"line":22},"1":{"loc":{"start":{"line":26,"column":2},"end":{"line":28,"column":null}},"type":"if","locations":[{"start":{"line":26,"column":2},"end":{"line":28,"column":null}},{"start":{},"end":{}}],"line":26},"2":{"loc":{"start":{"line":34,"column":6},"end":{"line":34,"column":null}},"type":"binary-expr","locations":[{"start":{"line":34,"column":6},"end":{"line":34,"column":25}},{"start":{"line":34,"column":25},"end":{"line":34,"column":null}}],"line":34},"3":{"loc":{"start":{"line":44,"column":2},"end":{"line":46,"column":null}},"type":"if","locations":[{"start":{"line":44,"column":2},"end":{"line":46,"column":null}},{"start":{},"end":{}}],"line":44},"4":{"loc":{"start":{"line":44,"column":6},"end":{"line":44,"column":34}},"type":"binary-expr","locations":[{"start":{"line":44,"column":6},"end":{"line":44,"column":24}},{"start":{"line":44,"column":24},"end":{"line":44,"column":34}}],"line":44},"5":{"loc":{"start":{"line":59,"column":9},"end":{"line":59,"column":null}},"type":"cond-expr","locations":[{"start":{"line":59,"column":29},"end":{"line":59,"column":48}},{"start":{"line":59,"column":48},"end":{"line":59,"column":null}}],"line":59},"6":{"loc":{"start":{"line":63,"column":24},"end":{"line":63,"column":null}},"type":"binary-expr","locations":[{"start":{"line":63,"column":24},"end":{"line":63,"column":45}},{"start":{"line":63,"column":24},"end":{"line":63,"column":null}}],"line":63},"7":{"loc":{"start":{"line":65,"column":9},"end":{"line":71,"column":null}},"type":"binary-expr","locations":[{"start":{"line":65,"column":9},"end":{"line":65,"column":null}},{"start":{"line":66,"column":4},"end":{"line":66,"column":null}},{"start":{"line":67,"column":7},"end":{"line":67,"column":null}},{"start":{"line":68,"column":7},"end":{"line":68,"column":null}},{"start":{"line":69,"column":7},"end":{"line":69,"column":null}},{"start":{"line":70,"column":7},"end":{"line":70,"column":null}},{"start":{"line":70,"column":7},"end":{"line":71,"column":null}}],"line":65}},"s":{"0":0,"1":0,"2":0,"3":0,"4":0,"5":0,"6":0,"7":0,"8":0,"9":0,"10":0,"11":0,"12":0,"13":0,"14":0,"15":1,"16":1},"f":{"0":0,"1":0,"2":0,"3":1},"b":{"0":[0,0],"1":[0,0],"2":[0,0],"3":[0,0],"4":[0,0],"5":[0,0],"6":[1,1],"7":[1,1,1,1,1,1,0]},"meta":{"lastBranch":8,"lastFunction":4,"lastStatement":17,"seen":{"f:19:16:19:38":0,"s:20:120:20:Infinity":0,"b:22:2:24:Infinity:undefined:undefined:undefined:undefined":0,"s:22:2:24:Infinity":1,"s:23:4:23:Infinity":2,"b:26:2:28:Infinity:undefined:undefined:undefined:undefined":1,"s:26:2:28:Infinity":3,"s:27:4:27:Infinity":4,"s:30:28:30:Infinity":5,"s:31:2:40:Infinity":6,"s:32:10:35:Infinity":7,"b:34:6:34:25:34:25:34:Infinity":2,"s:36:4:36:Infinity":8,"s:38:4:38:Infinity":9,"s:39:4:39:Infinity":10,"f:43:16:43:36":1,"b:44:2:46:Infinity:undefined:undefined:undefined:undefined":3,"s:44:2:46:Infinity":11,"b:44:6:44:24:44:24:44:34":4,"s:45:4:45:Infinity":12,"s:48:2:51:Infinity":13,"f:54:16:54:Infinity":2,"s:59:2:59:Infinity":14,"b:59:29:59:48:59:48:59:Infinity":5,"f:62:16:62:49":3,"s:63:24:63:Infinity":15,"b:63:24:63:45:63:24:63:Infinity":6,"s:65:2:71:Infinity":16,"b:65:9:65:Infinity:66:4:66:Infinity:67:7:67:Infinity:68:7:68:Infinity:69:7:69:Infinity:70:7:70:Infinity:70:7:71:Infinity":7}}}
,"/Users/yunz/Code/VibeCoding/markdown-press/src/types/filesystem.ts": {"path":"/Users/yunz/Code/VibeCoding/markdown-press/src/types/filesystem.ts","statementMap":{"0":{"start":{"line":44,"column":2},"end":{"line":44,"column":null}},"1":{"start":{"line":44,"column":37},"end":{"line":44,"column":null}},"2":{"start":{"line":47,"column":2},"end":{"line":47,"column":null}},"3":{"start":{"line":47,"column":39},"end":{"line":47,"column":null}},"4":{"start":{"line":50,"column":2},"end":{"line":50,"column":null}},"5":{"start":{"line":50,"column":29},"end":{"line":50,"column":null}},"6":{"start":{"line":53,"column":2},"end":{"line":53,"column":null}},"7":{"start":{"line":53,"column":52},"end":{"line":53,"column":null}},"8":{"start":{"line":55,"column":2},"end":{"line":55,"column":null}},"9":{"start":{"line":63,"column":2},"end":{"line":63,"column":null}},"10":{"start":{"line":63,"column":29},"end":{"line":63,"column":null}},"11":{"start":{"line":65,"column":2},"end":{"line":79,"column":null}},"12":{"start":{"line":67,"column":23},"end":{"line":67,"column":null}},"13":{"start":{"line":69,"column":4},"end":{"line":69,"column":null}},"14":{"start":{"line":70,"column":4},"end":{"line":70,"column":null}},"15":{"start":{"line":73,"column":4},"end":{"line":78,"column":null}},"16":{"start":{"line":74,"column":25},"end":{"line":74,"column":null}},"17":{"start":{"line":75,"column":6},"end":{"line":75,"column":null}},"18":{"start":{"line":77,"column":6},"end":{"line":77,"column":null}},"19":{"start":{"line":88,"column":2},"end":{"line":90,"column":null}},"20":{"start":{"line":89,"column":4},"end":{"line":89,"column":null}},"21":{"start":{"line":92,"column":20},"end":{"line":92,"column":null}},"22":{"start":{"line":93,"column":2},"end":{"line":112,"column":null}},"23":{"start":{"line":94,"column":58},"end":{"line":94,"column":null}},"24":{"start":{"line":96,"column":18},"end":{"line":109,"column":null}},"25":{"start":{"line":97,"column":6},"end":{"line":101,"column":null}},"26":{"start":{"line":98,"column":8},"end":{"line":98,"column":null}},"27":{"start":{"line":98,"column":23},"end":{"line":98,"column":null}},"28":{"start":{"line":99,"column":8},"end":{"line":99,"column":null}},"29":{"start":{"line":100,"column":8},"end":{"line":100,"column":null}},"30":{"start":{"line":103,"column":6},"end":{"line":106,"column":null}},"31":{"start":{"line":104,"column":8},"end":{"line":104,"column":null}},"32":{"start":{"line":105,"column":8},"end":{"line":105,"column":null}},"33":{"start":{"line":108,"column":6},"end":{"line":108,"column":null}},"34":{"start":{"line":111,"column":4},"end":{"line":111,"column":null}},"35":{"start":{"line":119,"column":2},"end":{"line":119,"column":null}},"36":{"start":{"line":128,"column":2},"end":{"line":131,"column":null}},"37":{"start":{"line":129,"column":32},"end":{"line":129,"column":null}},"38":{"start":{"line":130,"column":4},"end":{"line":130,"column":null}},"39":{"start":{"line":134,"column":2},"end":{"line":137,"column":null}},"40":{"start":{"line":135,"column":34},"end":{"line":135,"column":null}},"41":{"start":{"line":136,"column":4},"end":{"line":136,"column":null}},"42":{"start":{"line":139,"column":2},"end":{"line":141,"column":null}}},"fnMap":{"0":{"name":"isTauriEnvironment","decl":{"start":{"line":43,"column":16},"end":{"line":43,"column":46}},"loc":{"start":{"line":43,"column":46},"end":{"line":56,"column":null}},"line":43},"1":{"name":"isTauriCoreReady","decl":{"start":{"line":62,"column":15},"end":{"line":62,"column":52}},"loc":{"start":{"line":62,"column":52},"end":{"line":80,"column":null}},"line":62},"2":{"name":"waitForTauri","decl":{"start":{"line":87,"column":22},"end":{"line":87,"column":35}},"loc":{"start":{"line":87,"column":79},"end":{"line":113,"column":null}},"line":87},"3":{"name":"(anonymous_3)","decl":{"start":{"line":93,"column":21},"end":{"line":93,"column":22}},"loc":{"start":{"line":93,"column":34},"end":{"line":112,"column":3}},"line":93},"4":{"name":"(anonymous_4)","decl":{"start":{"line":96,"column":18},"end":{"line":96,"column":45}},"loc":{"start":{"line":96,"column":45},"end":{"line":109,"column":null}},"line":96},"5":{"name":"isFileSystemAccessSupported","decl":{"start":{"line":118,"column":16},"end":{"line":118,"column":55}},"loc":{"start":{"line":118,"column":55},"end":{"line":120,"column":null}},"line":118},"6":{"name":"getFileSystem","decl":{"start":{"line":126,"column":22},"end":{"line":126,"column":60}},"loc":{"start":{"line":126,"column":60},"end":{"line":142,"column":null}},"line":126}},"branchMap":{"0":{"loc":{"start":{"line":44,"column":2},"end":{"line":44,"column":null}},"type":"if","locations":[{"start":{"line":44,"column":2},"end":{"line":44,"column":null}},{"start":{},"end":{}}],"line":44},"1":{"loc":{"start":{"line":47,"column":2},"end":{"line":47,"column":null}},"type":"if","locations":[{"start":{"line":47,"column":2},"end":{"line":47,"column":null}},{"start":{},"end":{}}],"line":47},"2":{"loc":{"start":{"line":50,"column":2},"end":{"line":50,"column":null}},"type":"if","locations":[{"start":{"line":50,"column":2},"end":{"line":50,"column":null}},{"start":{},"end":{}}],"line":50},"3":{"loc":{"start":{"line":53,"column":2},"end":{"line":53,"column":null}},"type":"if","locations":[{"start":{"line":53,"column":2},"end":{"line":53,"column":null}},{"start":{},"end":{}}],"line":53},"4":{"loc":{"start":{"line":63,"column":2},"end":{"line":63,"column":null}},"type":"if","locations":[{"start":{"line":63,"column":2},"end":{"line":63,"column":null}},{"start":{},"end":{}}],"line":63},"5":{"loc":{"start":{"line":87,"column":35},"end":{"line":87,"column":79}},"type":"default-arg","locations":[{"start":{"line":87,"column":55},"end":{"line":87,"column":79}}],"line":87},"6":{"loc":{"start":{"line":88,"column":2},"end":{"line":90,"column":null}},"type":"if","locations":[{"start":{"line":88,"column":2},"end":{"line":90,"column":null}},{"start":{},"end":{}}],"line":88},"7":{"loc":{"start":{"line":97,"column":6},"end":{"line":101,"column":null}},"type":"if","locations":[{"start":{"line":97,"column":6},"end":{"line":101,"column":null}},{"start":{},"end":{}}],"line":97},"8":{"loc":{"start":{"line":98,"column":8},"end":{"line":98,"column":null}},"type":"if","locations":[{"start":{"line":98,"column":8},"end":{"line":98,"column":null}},{"start":{},"end":{}}],"line":98},"9":{"loc":{"start":{"line":103,"column":6},"end":{"line":106,"column":null}},"type":"if","locations":[{"start":{"line":103,"column":6},"end":{"line":106,"column":null}},{"start":{},"end":{}}],"line":103},"10":{"loc":{"start":{"line":119,"column":9},"end":{"line":119,"column":null}},"type":"binary-expr","locations":[{"start":{"line":119,"column":9},"end":{"line":119,"column":43}},{"start":{"line":119,"column":43},"end":{"line":119,"column":null}}],"line":119},"11":{"loc":{"start":{"line":128,"column":2},"end":{"line":131,"column":null}},"type":"if","locations":[{"start":{"line":128,"column":2},"end":{"line":131,"column":null}},{"start":{},"end":{}}],"line":128},"12":{"loc":{"start":{"line":134,"column":2},"end":{"line":137,"column":null}},"type":"if","locations":[{"start":{"line":134,"column":2},"end":{"line":137,"column":null}},{"start":{},"end":{}}],"line":134}},"s":{"0":0,"1":0,"2":0,"3":0,"4":0,"5":0,"6":0,"7":0,"8":0,"9":0,"10":0,"11":0,"12":0,"13":0,"14":0,"15":0,"16":0,"17":0,"18":0,"19":0,"20":0,"21":0,"22":0,"23":0,"24":0,"25":0,"26":0,"27":0,"28":0,"29":0,"30":0,"31":0,"32":0,"33":0,"34":0,"35":0,"36":0,"37":0,"38":0,"39":0,"40":0,"41":0,"42":0},"f":{"0":0,"1":0,"2":0,"3":0,"4":0,"5":0,"6":0},"b":{"0":[0,0],"1":[0,0],"2":[0,0],"3":[0,0],"4":[0,0],"5":[0],"6":[0,0],"7":[0,0],"8":[0,0],"9":[0,0],"10":[0,0],"11":[0,0],"12":[0,0]},"meta":{"lastBranch":13,"lastFunction":7,"lastStatement":43,"seen":{"f:43:16:43:46":0,"b:44:2:44:Infinity:undefined:undefined:undefined:undefined":0,"s:44:2:44:Infinity":0,"s:44:37:44:Infinity":1,"b:47:2:47:Infinity:undefined:undefined:undefined:undefined":1,"s:47:2:47:Infinity":2,"s:47:39:47:Infinity":3,"b:50:2:50:Infinity:undefined:undefined:undefined:undefined":2,"s:50:2:50:Infinity":4,"s:50:29:50:Infinity":5,"b:53:2:53:Infinity:undefined:undefined:undefined:undefined":3,"s:53:2:53:Infinity":6,"s:53:52:53:Infinity":7,"s:55:2:55:Infinity":8,"f:62:15:62:52":1,"b:63:2:63:Infinity:undefined:undefined:undefined:undefined":4,"s:63:2:63:Infinity":9,"s:63:29:63:Infinity":10,"s:65:2:79:Infinity":11,"s:67:23:67:Infinity":12,"s:69:4:69:Infinity":13,"s:70:4:70:Infinity":14,"s:73:4:78:Infinity":15,"s:74:25:74:Infinity":16,"s:75:6:75:Infinity":17,"s:77:6:77:Infinity":18,"f:87:22:87:35":2,"b:87:55:87:79":5,"b:88:2:90:Infinity:undefined:undefined:undefined:undefined":6,"s:88:2:90:Infinity":19,"s:89:4:89:Infinity":20,"s:92:20:92:Infinity":21,"s:93:2:112:Infinity":22,"f:93:21:93:22":3,"s:94:58:94:Infinity":23,"s:96:18:109:Infinity":24,"f:96:18:96:45":4,"b:97:6:101:Infinity:undefined:undefined:undefined:undefined":7,"s:97:6:101:Infinity":25,"b:98:8:98:Infinity:undefined:undefined:undefined:undefined":8,"s:98:8:98:Infinity":26,"s:98:23:98:Infinity":27,"s:99:8:99:Infinity":28,"s:100:8:100:Infinity":29,"b:103:6:106:Infinity:undefined:undefined:undefined:undefined":9,"s:103:6:106:Infinity":30,"s:104:8:104:Infinity":31,"s:105:8:105:Infinity":32,"s:108:6:108:Infinity":33,"s:111:4:111:Infinity":34,"f:118:16:118:55":5,"s:119:2:119:Infinity":35,"b:119:9:119:43:119:43:119:Infinity":10,"f:126:22:126:60":6,"b:128:2:131:Infinity:undefined:undefined:undefined:undefined":11,"s:128:2:131:Infinity":36,"s:129:32:129:Infinity":37,"s:130:4:130:Infinity":38,"b:134:2:137:Infinity:undefined:undefined:undefined:undefined":12,"s:134:2:137:Infinity":39,"s:135:34:135:Infinity":40,"s:136:4:136:Infinity":41,"s:139:2:141:Infinity":42}}}
,"/Users/yunz/Code/VibeCoding/markdown-press/src/utils/frontmatter.ts": {"path":"/Users/yunz/Code/VibeCoding/markdown-press/src/utils/frontmatter.ts","statementMap":{"0":{"start":{"line":4,"column":26},"end":{"line":4,"column":null}},"1":{"start":{"line":14,"column":16},"end":{"line":14,"column":null}},"2":{"start":{"line":15,"column":2},"end":{"line":17,"column":null}},"3":{"start":{"line":16,"column":4},"end":{"line":16,"column":null}},"4":{"start":{"line":19,"column":16},"end":{"line":19,"column":null}},"5":{"start":{"line":20,"column":21},"end":{"line":20,"column":null}},"6":{"start":{"line":21,"column":27},"end":{"line":21,"column":null}},"7":{"start":{"line":22,"column":2},"end":{"line":24,"column":null}},"8":{"start":{"line":23,"column":4},"end":{"line":23,"column":null}},"9":{"start":{"line":26,"column":22},"end":{"line":26,"column":null}},"10":{"start":{"line":27,"column":22},"end":{"line":27,"column":null}},"11":{"start":{"line":28,"column":2},"end":{"line":30,"column":null}},"12":{"start":{"line":29,"column":4},"end":{"line":29,"column":null}},"13":{"start":{"line":32,"column":19},"end":{"line":32,"column":null}},"14":{"start":{"line":33,"column":2},"end":{"line":33,"column":null}},"15":{"start":{"line":37,"column":18},"end":{"line":37,"column":null}},"16":{"start":{"line":38,"column":2},"end":{"line":46,"column":null}},"17":{"start":{"line":50,"column":2},"end":{"line":50,"column":null}},"18":{"start":{"line":54,"column":2},"end":{"line":59,"column":null}},"19":{"start":{"line":55,"column":4},"end":{"line":57,"column":null}},"20":{"start":{"line":56,"column":6},"end":{"line":56,"column":null}},"21":{"start":{"line":58,"column":4},"end":{"line":58,"column":null}},"22":{"start":{"line":61,"column":2},"end":{"line":63,"column":null}},"23":{"start":{"line":62,"column":4},"end":{"line":62,"column":null}},"24":{"start":{"line":65,"column":2},"end":{"line":67,"column":null}},"25":{"start":{"line":66,"column":4},"end":{"line":66,"column":null}},"26":{"start":{"line":69,"column":2},"end":{"line":71,"column":null}},"27":{"start":{"line":70,"column":4},"end":{"line":70,"column":null}},"28":{"start":{"line":73,"column":2},"end":{"line":73,"column":null}},"29":{"start":{"line":77,"column":2},"end":{"line":90,"column":null}},"30":{"start":{"line":78,"column":4},"end":{"line":80,"column":null}},"31":{"start":{"line":79,"column":6},"end":{"line":79,"column":null}},"32":{"start":{"line":82,"column":4},"end":{"line":89,"column":null}},"33":{"start":{"line":83,"column":23},"end":{"line":83,"column":null}},"34":{"start":{"line":84,"column":6},"end":{"line":86,"column":null}},"35":{"start":{"line":85,"column":8},"end":{"line":85,"column":null}},"36":{"start":{"line":88,"column":6},"end":{"line":88,"column":null}},"37":{"start":{"line":88,"column":69},"end":{"line":88,"column":80}},"38":{"start":{"line":92,"column":2},"end":{"line":106,"column":null}},"39":{"start":{"line":93,"column":20},"end":{"line":93,"column":null}},"40":{"start":{"line":94,"column":4},"end":{"line":96,"column":null}},"41":{"start":{"line":95,"column":6},"end":{"line":95,"column":null}},"42":{"start":{"line":98,"column":4},"end":{"line":105,"column":null}},"43":{"start":{"line":99,"column":23},"end":{"line":99,"column":null}},"44":{"start":{"line":100,"column":6},"end":{"line":102,"column":null}},"45":{"start":{"line":101,"column":8},"end":{"line":101,"column":null}},"46":{"start":{"line":104,"column":6},"end":{"line":104,"column":null}},"47":{"start":{"line":104,"column":66},"end":{"line":104,"column":77}},"48":{"start":{"line":108,"column":2},"end":{"line":108,"column":null}},"49":{"start":{"line":112,"column":2},"end":{"line":114,"column":null}},"50":{"start":{"line":113,"column":4},"end":{"line":113,"column":null}},"51":{"start":{"line":116,"column":2},"end":{"line":121,"column":null}},"52":{"start":{"line":120,"column":4},"end":{"line":120,"column":null}},"53":{"start":{"line":120,"column":31},"end":{"line":120,"column":62}},"54":{"start":{"line":123,"column":2},"end":{"line":127,"column":null}},"55":{"start":{"line":124,"column":4},"end":{"line":126,"column":null}},"56":{"start":{"line":125,"column":83},"end":{"line":125,"column":128}},"57":{"start":{"line":129,"column":2},"end":{"line":129,"column":null}},"58":{"start":{"line":136,"column":2},"end":{"line":138,"column":null}},"59":{"start":{"line":137,"column":4},"end":{"line":137,"column":null}},"60":{"start":{"line":140,"column":16},"end":{"line":140,"column":null}},"61":{"start":{"line":142,"column":2},"end":{"line":144,"column":null}},"62":{"start":{"line":143,"column":4},"end":{"line":143,"column":null}},"63":{"start":{"line":146,"column":2},"end":{"line":154,"column":null}},"64":{"start":{"line":147,"column":24},"end":{"line":147,"column":null}},"65":{"start":{"line":148,"column":17},"end":{"line":148,"column":null}},"66":{"start":{"line":149,"column":4},"end":{"line":149,"column":null}},"67":{"start":{"line":151,"column":4},"end":{"line":151,"column":null}},"68":{"start":{"line":153,"column":4},"end":{"line":153,"column":null}},"69":{"start":{"line":161,"column":2},"end":{"line":184,"column":null}},"70":{"start":{"line":162,"column":20},"end":{"line":162,"column":null}},"71":{"start":{"line":162,"column":70},"end":{"line":162,"column":89}},"72":{"start":{"line":163,"column":4},"end":{"line":165,"column":null}},"73":{"start":{"line":164,"column":6},"end":{"line":164,"column":null}},"74":{"start":{"line":167,"column":22},"end":{"line":178,"column":null}},"75":{"start":{"line":168,"column":23},"end":{"line":168,"column":null}},"76":{"start":{"line":169,"column":6},"end":{"line":171,"column":null}},"77":{"start":{"line":170,"column":8},"end":{"line":170,"column":null}},"78":{"start":{"line":170,"column":68},"end":{"line":170,"column":79}},"79":{"start":{"line":173,"column":6},"end":{"line":175,"column":null}},"80":{"start":{"line":174,"column":8},"end":{"line":174,"column":null}},"81":{"start":{"line":177,"column":6},"end":{"line":177,"column":null}},"82":{"start":{"line":177,"column":66},"end":{"line":177,"column":77}},"83":{"start":{"line":180,"column":4},"end":{"line":180,"column":null}},"84":{"start":{"line":182,"column":4},"end":{"line":182,"column":null}},"85":{"start":{"line":183,"column":4},"end":{"line":183,"column":null}},"86":{"start":{"line":194,"column":17},"end":{"line":194,"column":null}},"87":{"start":{"line":195,"column":28},"end":{"line":195,"column":null}},"88":{"start":{"line":196,"column":27},"end":{"line":196,"column":null}},"89":{"start":{"line":198,"column":2},"end":{"line":205,"column":null}},"90":{"start":{"line":199,"column":18},"end":{"line":199,"column":null}},"91":{"start":{"line":200,"column":20},"end":{"line":202,"column":null}},"92":{"start":{"line":204,"column":4},"end":{"line":204,"column":null}},"93":{"start":{"line":207,"column":2},"end":{"line":207,"column":null}},"94":{"start":{"line":214,"column":17},"end":{"line":214,"column":null}},"95":{"start":{"line":215,"column":2},"end":{"line":215,"column":null}},"96":{"start":{"line":225,"column":17},"end":{"line":225,"column":null}},"97":{"start":{"line":226,"column":2},"end":{"line":226,"column":null}},"98":{"start":{"line":237,"column":17},"end":{"line":237,"column":null}},"99":{"start":{"line":238,"column":29},"end":{"line":241,"column":null}},"100":{"start":{"line":242,"column":2},"end":{"line":242,"column":null}}},"fnMap":{"0":{"name":"replaceFrontmatterInner","decl":{"start":{"line":10,"column":16},"end":{"line":10,"column":null}},"loc":{"start":{"line":13,"column":17},"end":{"line":34,"column":null}},"line":13},"1":{"name":"shouldQuoteYamlString","decl":{"start":{"line":36,"column":9},"end":{"line":36,"column":31}},"loc":{"start":{"line":36,"column":55},"end":{"line":47,"column":null}},"line":36},"2":{"name":"formatYamlKey","decl":{"start":{"line":49,"column":9},"end":{"line":49,"column":23}},"loc":{"start":{"line":49,"column":44},"end":{"line":51,"column":null}},"line":49},"3":{"name":"formatYamlScalar","decl":{"start":{"line":53,"column":9},"end":{"line":53,"column":26}},"loc":{"start":{"line":53,"column":50},"end":{"line":74,"column":null}},"line":53},"4":{"name":"renderYamlValue","decl":{"start":{"line":76,"column":9},"end":{"line":76,"column":25}},"loc":{"start":{"line":76,"column":51},"end":{"line":109,"column":null}},"line":76},"5":{"name":"(anonymous_5)","decl":{"start":{"line":82,"column":25},"end":{"line":82,"column":26}},"loc":{"start":{"line":82,"column":35},"end":{"line":89,"column":5}},"line":82},"6":{"name":"(anonymous_6)","decl":{"start":{"line":88,"column":59},"end":{"line":88,"column":60}},"loc":{"start":{"line":88,"column":69},"end":{"line":88,"column":80}},"line":88},"7":{"name":"(anonymous_7)","decl":{"start":{"line":98,"column":27},"end":{"line":98,"column":28}},"loc":{"start":{"line":98,"column":51},"end":{"line":105,"column":5}},"line":98},"8":{"name":"(anonymous_8)","decl":{"start":{"line":104,"column":56},"end":{"line":104,"column":57}},"loc":{"start":{"line":104,"column":66},"end":{"line":104,"column":77}},"line":104},"9":{"name":"normalizeFrontmatterValue","decl":{"start":{"line":111,"column":9},"end":{"line":111,"column":35}},"loc":{"start":{"line":111,"column":60},"end":{"line":130,"column":null}},"line":111},"10":{"name":"(anonymous_10)","decl":{"start":{"line":120,"column":21},"end":{"line":120,"column":22}},"loc":{"start":{"line":120,"column":31},"end":{"line":120,"column":62}},"line":120},"11":{"name":"(anonymous_11)","decl":{"start":{"line":125,"column":59},"end":{"line":125,"column":60}},"loc":{"start":{"line":125,"column":83},"end":{"line":125,"column":128}},"line":125},"12":{"name":"parseFrontmatter","decl":{"start":{"line":135,"column":16},"end":{"line":135,"column":33}},"loc":{"start":{"line":135,"column":66},"end":{"line":155,"column":null}},"line":135},"13":{"name":"generateFrontmatter","decl":{"start":{"line":160,"column":16},"end":{"line":160,"column":36}},"loc":{"start":{"line":160,"column":70},"end":{"line":185,"column":null}},"line":160},"14":{"name":"(anonymous_14)","decl":{"start":{"line":162,"column":55},"end":{"line":162,"column":56}},"loc":{"start":{"line":162,"column":70},"end":{"line":162,"column":89}},"line":162},"15":{"name":"(anonymous_15)","decl":{"start":{"line":167,"column":38},"end":{"line":167,"column":39}},"loc":{"start":{"line":167,"column":56},"end":{"line":178,"column":5}},"line":167},"16":{"name":"(anonymous_16)","decl":{"start":{"line":170,"column":58},"end":{"line":170,"column":59}},"loc":{"start":{"line":170,"column":68},"end":{"line":170,"column":79}},"line":170},"17":{"name":"(anonymous_17)","decl":{"start":{"line":177,"column":56},"end":{"line":177,"column":57}},"loc":{"start":{"line":177,"column":66},"end":{"line":177,"column":77}},"line":177},"18":{"name":"updateFrontmatter","decl":{"start":{"line":190,"column":16},"end":{"line":190,"column":null}},"loc":{"start":{"line":193,"column":10},"end":{"line":208,"column":null}},"line":193},"19":{"name":"removeFrontmatter","decl":{"start":{"line":213,"column":16},"end":{"line":213,"column":34}},"loc":{"start":{"line":213,"column":59},"end":{"line":216,"column":null}},"line":213},"20":{"name":"getFrontmatterValue","decl":{"start":{"line":221,"column":16},"end":{"line":221,"column":null}},"loc":{"start":{"line":224,"column":41},"end":{"line":227,"column":null}},"line":224},"21":{"name":"setFrontmatterValue","decl":{"start":{"line":232,"column":16},"end":{"line":232,"column":null}},"loc":{"start":{"line":236,"column":10},"end":{"line":243,"column":null}},"line":236}},"branchMap":{"0":{"loc":{"start":{"line":15,"column":2},"end":{"line":17,"column":null}},"type":"if","locations":[{"start":{"line":15,"column":2},"end":{"line":17,"column":null}},{"start":{},"end":{}}],"line":15},"1":{"loc":{"start":{"line":15,"column":6},"end":{"line":15,"column":43}},"type":"binary-expr","locations":[{"start":{"line":15,"column":6},"end":{"line":15,"column":16}},{"start":{"line":15,"column":16},"end":{"line":15,"column":43}}],"line":15},"2":{"loc":{"start":{"line":20,"column":21},"end":{"line":20,"column":null}},"type":"cond-expr","locations":[{"start":{"line":20,"column":42},"end":{"line":20,"column":51}},{"start":{"line":20,"column":51},"end":{"line":20,"column":null}}],"line":20},"3":{"loc":{"start":{"line":22,"column":2},"end":{"line":24,"column":null}},"type":"if","locations":[{"start":{"line":22,"column":2},"end":{"line":24,"column":null}},{"start":{},"end":{}}],"line":22},"4":{"loc":{"start":{"line":28,"column":2},"end":{"line":30,"column":null}},"type":"if","locations":[{"start":{"line":28,"column":2},"end":{"line":30,"column":null}},{"start":{},"end":{}}],"line":28},"5":{"loc":{"start":{"line":38,"column":9},"end":{"line":46,"column":null}},"type":"binary-expr","locations":[{"start":{"line":38,"column":9},"end":{"line":38,"column":null}},{"start":{"line":39,"column":7},"end":{"line":39,"column":null}},{"start":{"line":40,"column":7},"end":{"line":40,"column":null}},{"start":{"line":41,"column":7},"end":{"line":41,"column":null}},{"start":{"line":42,"column":7},"end":{"line":42,"column":null}},{"start":{"line":43,"column":7},"end":{"line":43,"column":null}},{"start":{"line":44,"column":7},"end":{"line":44,"column":null}},{"start":{"line":45,"column":7},"end":{"line":45,"column":null}},{"start":{"line":46,"column":7},"end":{"line":46,"column":null}}],"line":38},"6":{"loc":{"start":{"line":50,"column":9},"end":{"line":50,"column":null}},"type":"cond-expr","locations":[{"start":{"line":50,"column":38},"end":{"line":50,"column":60}},{"start":{"line":50,"column":60},"end":{"line":50,"column":null}}],"line":50},"7":{"loc":{"start":{"line":54,"column":2},"end":{"line":59,"column":null}},"type":"if","locations":[{"start":{"line":54,"column":2},"end":{"line":59,"column":null}},{"start":{},"end":{}}],"line":54},"8":{"loc":{"start":{"line":55,"column":4},"end":{"line":57,"column":null}},"type":"if","locations":[{"start":{"line":55,"column":4},"end":{"line":57,"column":null}},{"start":{},"end":{}}],"line":55},"9":{"loc":{"start":{"line":58,"column":11},"end":{"line":58,"column":null}},"type":"cond-expr","locations":[{"start":{"line":58,"column":42},"end":{"line":58,"column":66}},{"start":{"line":58,"column":66},"end":{"line":58,"column":null}}],"line":58},"10":{"loc":{"start":{"line":61,"column":2},"end":{"line":63,"column":null}},"type":"if","locations":[{"start":{"line":61,"column":2},"end":{"line":63,"column":null}},{"start":{},"end":{}}],"line":61},"11":{"loc":{"start":{"line":61,"column":6},"end":{"line":61,"column":63}},"type":"binary-expr","locations":[{"start":{"line":61,"column":6},"end":{"line":61,"column":35}},{"start":{"line":61,"column":35},"end":{"line":61,"column":63}}],"line":61},"12":{"loc":{"start":{"line":65,"column":2},"end":{"line":67,"column":null}},"type":"if","locations":[{"start":{"line":65,"column":2},"end":{"line":67,"column":null}},{"start":{},"end":{}}],"line":65},"13":{"loc":{"start":{"line":69,"column":2},"end":{"line":71,"column":null}},"type":"if","locations":[{"start":{"line":69,"column":2},"end":{"line":71,"column":null}},{"start":{},"end":{}}],"line":69},"14":{"loc":{"start":{"line":77,"column":2},"end":{"line":90,"column":null}},"type":"if","locations":[{"start":{"line":77,"column":2},"end":{"line":90,"column":null}},{"start":{},"end":{}}],"line":77},"15":{"loc":{"start":{"line":78,"column":4},"end":{"line":80,"column":null}},"type":"if","locations":[{"start":{"line":78,"column":4},"end":{"line":80,"column":null}},{"start":{},"end":{}}],"line":78},"16":{"loc":{"start":{"line":84,"column":6},"end":{"line":86,"column":null}},"type":"if","locations":[{"start":{"line":84,"column":6},"end":{"line":86,"column":null}},{"start":{},"end":{}}],"line":84},"17":{"loc":{"start":{"line":92,"column":2},"end":{"line":106,"column":null}},"type":"if","locations":[{"start":{"line":92,"column":2},"end":{"line":106,"column":null}},{"start":{},"end":{}}],"line":92},"18":{"loc":{"start":{"line":92,"column":6},"end":{"line":92,"column":42}},"type":"binary-expr","locations":[{"start":{"line":92,"column":6},"end":{"line":92,"column":15}},{"start":{"line":92,"column":15},"end":{"line":92,"column":42}}],"line":92},"19":{"loc":{"start":{"line":94,"column":4},"end":{"line":96,"column":null}},"type":"if","locations":[{"start":{"line":94,"column":4},"end":{"line":96,"column":null}},{"start":{},"end":{}}],"line":94},"20":{"loc":{"start":{"line":100,"column":6},"end":{"line":102,"column":null}},"type":"if","locations":[{"start":{"line":100,"column":6},"end":{"line":102,"column":null}},{"start":{},"end":{}}],"line":100},"21":{"loc":{"start":{"line":112,"column":2},"end":{"line":114,"column":null}},"type":"if","locations":[{"start":{"line":112,"column":2},"end":{"line":114,"column":null}},{"start":{},"end":{}}],"line":112},"22":{"loc":{"start":{"line":116,"column":2},"end":{"line":121,"column":null}},"type":"if","locations":[{"start":{"line":116,"column":2},"end":{"line":121,"column":null}},{"start":{},"end":{}}],"line":116},"23":{"loc":{"start":{"line":123,"column":2},"end":{"line":127,"column":null}},"type":"if","locations":[{"start":{"line":123,"column":2},"end":{"line":127,"column":null}},{"start":{},"end":{}}],"line":123},"24":{"loc":{"start":{"line":123,"column":6},"end":{"line":123,"column":42}},"type":"binary-expr","locations":[{"start":{"line":123,"column":6},"end":{"line":123,"column":15}},{"start":{"line":123,"column":15},"end":{"line":123,"column":42}}],"line":123},"25":{"loc":{"start":{"line":136,"column":2},"end":{"line":138,"column":null}},"type":"if","locations":[{"start":{"line":136,"column":2},"end":{"line":138,"column":null}},{"start":{},"end":{}}],"line":136},"26":{"loc":{"start":{"line":142,"column":2},"end":{"line":144,"column":null}},"type":"if","locations":[{"start":{"line":142,"column":2},"end":{"line":144,"column":null}},{"start":{},"end":{}}],"line":142},"27":{"loc":{"start":{"line":163,"column":4},"end":{"line":165,"column":null}},"type":"if","locations":[{"start":{"line":163,"column":4},"end":{"line":165,"column":null}},{"start":{},"end":{}}],"line":163},"28":{"loc":{"start":{"line":169,"column":6},"end":{"line":171,"column":null}},"type":"if","locations":[{"start":{"line":169,"column":6},"end":{"line":171,"column":null}},{"start":{},"end":{}}],"line":169},"29":{"loc":{"start":{"line":173,"column":6},"end":{"line":175,"column":null}},"type":"if","locations":[{"start":{"line":173,"column":6},"end":{"line":175,"column":null}},{"start":{},"end":{}}],"line":173},"30":{"loc":{"start":{"line":198,"column":2},"end":{"line":205,"column":null}},"type":"if","locations":[{"start":{"line":198,"column":2},"end":{"line":205,"column":null}},{"start":{},"end":{}}],"line":198},"31":{"loc":{"start":{"line":200,"column":20},"end":{"line":202,"column":null}},"type":"cond-expr","locations":[{"start":{"line":201,"column":8},"end":{"line":201,"column":null}},{"start":{"line":202,"column":8},"end":{"line":202,"column":null}}],"line":200},"32":{"loc":{"start":{"line":226,"column":9},"end":{"line":226,"column":null}},"type":"binary-expr","locations":[{"start":{"line":226,"column":9},"end":{"line":226,"column":38}},{"start":{"line":226,"column":38},"end":{"line":226,"column":null}}],"line":226}},"s":{"0":1,"1":0,"2":0,"3":0,"4":0,"5":0,"6":0,"7":0,"8":0,"9":0,"10":0,"11":0,"12":0,"13":0,"14":0,"15":0,"16":0,"17":0,"18":0,"19":0,"20":0,"21":0,"22":0,"23":0,"24":0,"25":0,"26":0,"27":0,"28":0,"29":0,"30":0,"31":0,"32":0,"33":0,"34":0,"35":0,"36":0,"37":0,"38":0,"39":0,"40":0,"41":0,"42":0,"43":0,"44":0,"45":0,"46":0,"47":0,"48":0,"49":0,"50":0,"51":0,"52":0,"53":0,"54":0,"55":0,"56":0,"57":0,"58":0,"59":0,"60":0,"61":0,"62":0,"63":0,"64":0,"65":0,"66":0,"67":0,"68":0,"69":0,"70":0,"71":0,"72":0,"73":0,"74":0,"75":0,"76":0,"77":0,"78":0,"79":0,"80":0,"81":0,"82":0,"83":0,"84":0,"85":0,"86":0,"87":0,"88":0,"89":0,"90":0,"91":0,"92":0,"93":0,"94":0,"95":0,"96":0,"97":0,"98":0,"99":0,"100":0},"f":{"0":0,"1":0,"2":0,"3":0,"4":0,"5":0,"6":0,"7":0,"8":0,"9":0,"10":0,"11":0,"12":0,"13":0,"14":0,"15":0,"16":0,"17":0,"18":0,"19":0,"20":0,"21":0},"b":{"0":[0,0],"1":[0,0],"2":[0,0],"3":[0,0],"4":[0,0],"5":[0,0,0,0,0,0,0,0,0],"6":[0,0],"7":[0,0],"8":[0,0],"9":[0,0],"10":[0,0],"11":[0,0],"12":[0,0],"13":[0,0],"14":[0,0],"15":[0,0],"16":[0,0],"17":[0,0],"18":[0,0],"19":[0,0],"20":[0,0],"21":[0,0],"22":[0,0],"23":[0,0],"24":[0,0],"25":[0,0],"26":[0,0],"27":[0,0],"28":[0,0],"29":[0,0],"30":[0,0],"31":[0,0],"32":[0,0]},"meta":{"lastBranch":33,"lastFunction":22,"lastStatement":101,"seen":{"s:4:26:4:Infinity":0,"f:10:16:10:Infinity":0,"s:14:16:14:Infinity":1,"b:15:2:17:Infinity:undefined:undefined:undefined:undefined":0,"s:15:2:17:Infinity":2,"b:15:6:15:16:15:16:15:43":1,"s:16:4:16:Infinity":3,"s:19:16:19:Infinity":4,"s:20:21:20:Infinity":5,"b:20:42:20:51:20:51:20:Infinity":2,"s:21:27:21:Infinity":6,"b:22:2:24:Infinity:undefined:undefined:undefined:undefined":3,"s:22:2:24:Infinity":7,"s:23:4:23:Infinity":8,"s:26:22:26:Infinity":9,"s:27:22:27:Infinity":10,"b:28:2:30:Infinity:undefined:undefined:undefined:undefined":4,"s:28:2:30:Infinity":11,"s:29:4:29:Infinity":12,"s:32:19:32:Infinity":13,"s:33:2:33:Infinity":14,"f:36:9:36:31":1,"s:37:18:37:Infinity":15,"s:38:2:46:Infinity":16,"b:38:9:38:Infinity:39:7:39:Infinity:40:7:40:Infinity:41:7:41:Infinity:42:7:42:Infinity:43:7:43:Infinity:44:7:44:Infinity:45:7:45:Infinity:46:7:46:Infinity":5,"f:49:9:49:23":2,"s:50:2:50:Infinity":17,"b:50:38:50:60:50:60:50:Infinity":6,"f:53:9:53:26":3,"b:54:2:59:Infinity:undefined:undefined:undefined:undefined":7,"s:54:2:59:Infinity":18,"b:55:4:57:Infinity:undefined:undefined:undefined:undefined":8,"s:55:4:57:Infinity":19,"s:56:6:56:Infinity":20,"s:58:4:58:Infinity":21,"b:58:42:58:66:58:66:58:Infinity":9,"b:61:2:63:Infinity:undefined:undefined:undefined:undefined":10,"s:61:2:63:Infinity":22,"b:61:6:61:35:61:35:61:63":11,"s:62:4:62:Infinity":23,"b:65:2:67:Infinity:undefined:undefined:undefined:undefined":12,"s:65:2:67:Infinity":24,"s:66:4:66:Infinity":25,"b:69:2:71:Infinity:undefined:undefined:undefined:undefined":13,"s:69:2:71:Infinity":26,"s:70:4:70:Infinity":27,"s:73:2:73:Infinity":28,"f:76:9:76:25":4,"b:77:2:90:Infinity:undefined:undefined:undefined:undefined":14,"s:77:2:90:Infinity":29,"b:78:4:80:Infinity:undefined:undefined:undefined:undefined":15,"s:78:4:80:Infinity":30,"s:79:6:79:Infinity":31,"s:82:4:89:Infinity":32,"f:82:25:82:26":5,"s:83:23:83:Infinity":33,"b:84:6:86:Infinity:undefined:undefined:undefined:undefined":16,"s:84:6:86:Infinity":34,"s:85:8:85:Infinity":35,"s:88:6:88:Infinity":36,"f:88:59:88:60":6,"s:88:69:88:80":37,"b:92:2:106:Infinity:undefined:undefined:undefined:undefined":17,"s:92:2:106:Infinity":38,"b:92:6:92:15:92:15:92:42":18,"s:93:20:93:Infinity":39,"b:94:4:96:Infinity:undefined:undefined:undefined:undefined":19,"s:94:4:96:Infinity":40,"s:95:6:95:Infinity":41,"s:98:4:105:Infinity":42,"f:98:27:98:28":7,"s:99:23:99:Infinity":43,"b:100:6:102:Infinity:undefined:undefined:undefined:undefined":20,"s:100:6:102:Infinity":44,"s:101:8:101:Infinity":45,"s:104:6:104:Infinity":46,"f:104:56:104:57":8,"s:104:66:104:77":47,"s:108:2:108:Infinity":48,"f:111:9:111:35":9,"b:112:2:114:Infinity:undefined:undefined:undefined:undefined":21,"s:112:2:114:Infinity":49,"s:113:4:113:Infinity":50,"b:116:2:121:Infinity:undefined:undefined:undefined:undefined":22,"s:116:2:121:Infinity":51,"s:120:4:120:Infinity":52,"f:120:21:120:22":10,"s:120:31:120:62":53,"b:123:2:127:Infinity:undefined:undefined:undefined:undefined":23,"s:123:2:127:Infinity":54,"b:123:6:123:15:123:15:123:42":24,"s:124:4:126:Infinity":55,"f:125:59:125:60":11,"s:125:83:125:128":56,"s:129:2:129:Infinity":57,"f:135:16:135:33":12,"b:136:2:138:Infinity:undefined:undefined:undefined:undefined":25,"s:136:2:138:Infinity":58,"s:137:4:137:Infinity":59,"s:140:16:140:Infinity":60,"b:142:2:144:Infinity:undefined:undefined:undefined:undefined":26,"s:142:2:144:Infinity":61,"s:143:4:143:Infinity":62,"s:146:2:154:Infinity":63,"s:147:24:147:Infinity":64,"s:148:17:148:Infinity":65,"s:149:4:149:Infinity":66,"s:151:4:151:Infinity":67,"s:153:4:153:Infinity":68,"f:160:16:160:36":13,"s:161:2:184:Infinity":69,"s:162:20:162:Infinity":70,"f:162:55:162:56":14,"s:162:70:162:89":71,"b:163:4:165:Infinity:undefined:undefined:undefined:undefined":27,"s:163:4:165:Infinity":72,"s:164:6:164:Infinity":73,"s:167:22:178:Infinity":74,"f:167:38:167:39":15,"s:168:23:168:Infinity":75,"b:169:6:171:Infinity:undefined:undefined:undefined:undefined":28,"s:169:6:171:Infinity":76,"s:170:8:170:Infinity":77,"f:170:58:170:59":16,"s:170:68:170:79":78,"b:173:6:175:Infinity:undefined:undefined:undefined:undefined":29,"s:173:6:175:Infinity":79,"s:174:8:174:Infinity":80,"s:177:6:177:Infinity":81,"f:177:56:177:57":17,"s:177:66:177:77":82,"s:180:4:180:Infinity":83,"s:182:4:182:Infinity":84,"s:183:4:183:Infinity":85,"f:190:16:190:Infinity":18,"s:194:17:194:Infinity":86,"s:195:28:195:Infinity":87,"s:196:27:196:Infinity":88,"b:198:2:205:Infinity:undefined:undefined:undefined:undefined":30,"s:198:2:205:Infinity":89,"s:199:18:199:Infinity":90,"s:200:20:202:Infinity":91,"b:201:8:201:Infinity:202:8:202:Infinity":31,"s:204:4:204:Infinity":92,"s:207:2:207:Infinity":93,"f:213:16:213:34":19,"s:214:17:214:Infinity":94,"s:215:2:215:Infinity":95,"f:221:16:221:Infinity":20,"s:225:17:225:Infinity":96,"s:226:2:226:Infinity":97,"b:226:9:226:38:226:38:226:Infinity":32,"f:232:16:232:Infinity":21,"s:237:17:237:Infinity":98,"s:238:29:241:Infinity":99,"s:242:2:242:Infinity":100}}}
,"/Users/yunz/Code/VibeCoding/markdown-press/src/utils/markdown-extensions.ts": {"path":"/Users/yunz/Code/VibeCoding/markdown-press/src/utils/markdown-extensions.ts","statementMap":{"0":{"start":{"line":5,"column":41},"end":{"line":11,"column":null}},"1":{"start":{"line":13,"column":69},"end":{"line":13,"column":null}},"2":{"start":{"line":14,"column":26},"end":{"line":14,"column":null}},"3":{"start":{"line":19,"column":2},"end":{"line":21,"column":null}},"4":{"start":{"line":20,"column":4},"end":{"line":20,"column":null}},"5":{"start":{"line":22,"column":17},"end":{"line":22,"column":null}},"6":{"start":{"line":23,"column":2},"end":{"line":23,"column":null}},"7":{"start":{"line":27,"column":52},"end":{"line":27,"column":null}},"8":{"start":{"line":30,"column":18},"end":{"line":30,"column":null}},"9":{"start":{"line":31,"column":2},"end":{"line":33,"column":null}},"10":{"start":{"line":32,"column":4},"end":{"line":32,"column":null}},"11":{"start":{"line":34,"column":2},"end":{"line":42,"column":null}},"12":{"start":{"line":43,"column":2},"end":{"line":43,"column":null}},"13":{"start":{"line":44,"column":2},"end":{"line":44,"column":null}},"14":{"start":{"line":55,"column":2},"end":{"line":59,"column":null}},"15":{"start":{"line":64,"column":2},"end":{"line":89,"column":null}},"16":{"start":{"line":65,"column":18},"end":{"line":65,"column":null}},"17":{"start":{"line":66,"column":4},"end":{"line":66,"column":null}},"18":{"start":{"line":66,"column":34},"end":{"line":66,"column":null}},"19":{"start":{"line":68,"column":16},"end":{"line":68,"column":null}},"20":{"start":{"line":69,"column":4},"end":{"line":69,"column":null}},"21":{"start":{"line":69,"column":41},"end":{"line":69,"column":null}},"22":{"start":{"line":72,"column":4},"end":{"line":72,"column":null}},"23":{"start":{"line":72,"column":38},"end":{"line":72,"column":null}},"24":{"start":{"line":74,"column":20},"end":{"line":74,"column":null}},"25":{"start":{"line":76,"column":4},"end":{"line":85,"column":null}},"26":{"start":{"line":77,"column":6},"end":{"line":84,"column":null}},"27":{"start":{"line":78,"column":25},"end":{"line":78,"column":null}},"28":{"start":{"line":79,"column":22},"end":{"line":79,"column":null}},"29":{"start":{"line":80,"column":8},"end":{"line":80,"column":null}},"30":{"start":{"line":82,"column":22},"end":{"line":82,"column":null}},"31":{"start":{"line":83,"column":8},"end":{"line":83,"column":null}},"32":{"start":{"line":87,"column":4},"end":{"line":87,"column":null}},"33":{"start":{"line":88,"column":4},"end":{"line":88,"column":null}},"34":{"start":{"line":92,"column":2},"end":{"line":143,"column":null}},"35":{"start":{"line":93,"column":16},"end":{"line":93,"column":null}},"36":{"start":{"line":94,"column":16},"end":{"line":94,"column":null}},"37":{"start":{"line":96,"column":4},"end":{"line":96,"column":null}},"38":{"start":{"line":96,"column":23},"end":{"line":96,"column":null}},"39":{"start":{"line":97,"column":4},"end":{"line":97,"column":null}},"40":{"start":{"line":97,"column":48},"end":{"line":97,"column":null}},"41":{"start":{"line":99,"column":23},"end":{"line":99,"column":null}},"42":{"start":{"line":100,"column":21},"end":{"line":100,"column":null}},"43":{"start":{"line":103,"column":4},"end":{"line":122,"column":null}},"44":{"start":{"line":105,"column":24},"end":{"line":105,"column":null}},"45":{"start":{"line":107,"column":6},"end":{"line":119,"column":null}},"46":{"start":{"line":108,"column":26},"end":{"line":108,"column":null}},"47":{"start":{"line":109,"column":24},"end":{"line":109,"column":null}},"48":{"start":{"line":110,"column":28},"end":{"line":110,"column":null}},"49":{"start":{"line":112,"column":27},"end":{"line":112,"column":null}},"50":{"start":{"line":113,"column":8},"end":{"line":116,"column":null}},"51":{"start":{"line":114,"column":10},"end":{"line":114,"column":null}},"52":{"start":{"line":115,"column":10},"end":{"line":115,"column":null}},"53":{"start":{"line":118,"column":8},"end":{"line":118,"column":null}},"54":{"start":{"line":121,"column":6},"end":{"line":121,"column":null}},"55":{"start":{"line":121,"column":29},"end":{"line":121,"column":null}},"56":{"start":{"line":124,"column":20},"end":{"line":124,"column":null}},"57":{"start":{"line":129,"column":18},"end":{"line":129,"column":null}},"58":{"start":{"line":130,"column":4},"end":{"line":135,"column":null}},"59":{"start":{"line":130,"column":17},"end":{"line":130,"column":24}},"60":{"start":{"line":131,"column":6},"end":{"line":134,"column":null}},"61":{"start":{"line":132,"column":8},"end":{"line":132,"column":null}},"62":{"start":{"line":133,"column":8},"end":{"line":133,"column":null}},"63":{"start":{"line":137,"column":18},"end":{"line":137,"column":null}},"64":{"start":{"line":138,"column":4},"end":{"line":138,"column":null}},"65":{"start":{"line":139,"column":4},"end":{"line":139,"column":null}},"66":{"start":{"line":141,"column":4},"end":{"line":141,"column":null}},"67":{"start":{"line":142,"column":4},"end":{"line":142,"column":null}},"68":{"start":{"line":146,"column":2},"end":{"line":153,"column":null}},"69":{"start":{"line":147,"column":20},"end":{"line":147,"column":null}},"70":{"start":{"line":148,"column":4},"end":{"line":152,"column":null}},"71":{"start":{"line":149,"column":6},"end":{"line":149,"column":null}},"72":{"start":{"line":151,"column":6},"end":{"line":151,"column":null}},"73":{"start":{"line":161,"column":23},"end":{"line":161,"column":null}},"74":{"start":{"line":163,"column":2},"end":{"line":177,"column":null}},"75":{"start":{"line":164,"column":18},"end":{"line":164,"column":null}},"76":{"start":{"line":165,"column":10},"end":{"line":165,"column":null}},"77":{"start":{"line":168,"column":4},"end":{"line":174,"column":null}},"78":{"start":{"line":169,"column":19},"end":{"line":169,"column":null}},"79":{"start":{"line":173,"column":6},"end":{"line":173,"column":null}},"80":{"start":{"line":176,"column":4},"end":{"line":176,"column":null}},"81":{"start":{"line":181,"column":2},"end":{"line":183,"column":null}},"82":{"start":{"line":182,"column":4},"end":{"line":182,"column":null}},"83":{"start":{"line":184,"column":2},"end":{"line":184,"column":null}},"84":{"start":{"line":188,"column":2},"end":{"line":188,"column":null}},"85":{"start":{"line":188,"column":22},"end":{"line":188,"column":null}},"86":{"start":{"line":189,"column":17},"end":{"line":189,"column":null}},"87":{"start":{"line":190,"column":2},"end":{"line":190,"column":null}},"88":{"start":{"line":194,"column":2},"end":{"line":194,"column":null}},"89":{"start":{"line":194,"column":22},"end":{"line":194,"column":null}},"90":{"start":{"line":196,"column":16},"end":{"line":196,"column":null}},"91":{"start":{"line":196,"column":59},"end":{"line":196,"column":82}},"92":{"start":{"line":197,"column":2},"end":{"line":197,"column":null}},"93":{"start":{"line":197,"column":24},"end":{"line":197,"column":null}},"94":{"start":{"line":199,"column":16},"end":{"line":199,"column":null}},"95":{"start":{"line":200,"column":17},"end":{"line":200,"column":null}},"96":{"start":{"line":201,"column":2},"end":{"line":203,"column":null}},"97":{"start":{"line":207,"column":16},"end":{"line":207,"column":null}},"98":{"start":{"line":208,"column":2},"end":{"line":208,"column":null}},"99":{"start":{"line":208,"column":22},"end":{"line":208,"column":null}},"100":{"start":{"line":210,"column":2},"end":{"line":212,"column":null}},"101":{"start":{"line":211,"column":4},"end":{"line":211,"column":null}},"102":{"start":{"line":213,"column":2},"end":{"line":213,"column":null}},"103":{"start":{"line":217,"column":2},"end":{"line":227,"column":null}},"104":{"start":{"line":218,"column":4},"end":{"line":226,"column":null}},"105":{"start":{"line":229,"column":2},"end":{"line":237,"column":null}},"106":{"start":{"line":241,"column":2},"end":{"line":241,"column":null}},"107":{"start":{"line":241,"column":43},"end":{"line":241,"column":null}},"108":{"start":{"line":242,"column":2},"end":{"line":242,"column":null}},"109":{"start":{"line":242,"column":46},"end":{"line":242,"column":null}},"110":{"start":{"line":243,"column":2},"end":{"line":243,"column":null}},"111":{"start":{"line":243,"column":46},"end":{"line":243,"column":null}},"112":{"start":{"line":244,"column":2},"end":{"line":244,"column":null}},"113":{"start":{"line":244,"column":58},"end":{"line":244,"column":null}},"114":{"start":{"line":245,"column":2},"end":{"line":245,"column":null}},"115":{"start":{"line":245,"column":63},"end":{"line":245,"column":null}},"116":{"start":{"line":246,"column":2},"end":{"line":246,"column":null}},"117":{"start":{"line":250,"column":21},"end":{"line":250,"column":null}},"118":{"start":{"line":251,"column":14},"end":{"line":253,"column":null}},"119":{"start":{"line":254,"column":2},"end":{"line":256,"column":null}},"120":{"start":{"line":260,"column":18},"end":{"line":260,"column":null}},"121":{"start":{"line":261,"column":14},"end":{"line":261,"column":null}},"122":{"start":{"line":262,"column":2},"end":{"line":262,"column":null}},"123":{"start":{"line":262,"column":24},"end":{"line":262,"column":null}},"124":{"start":{"line":263,"column":2},"end":{"line":263,"column":null}},"125":{"start":{"line":264,"column":2},"end":{"line":264,"column":null}},"126":{"start":{"line":268,"column":14},"end":{"line":268,"column":null}},"127":{"start":{"line":269,"column":2},"end":{"line":269,"column":null}},"128":{"start":{"line":269,"column":12},"end":{"line":269,"column":null}},"129":{"start":{"line":271,"column":14},"end":{"line":271,"column":null}},"130":{"start":{"line":272,"column":2},"end":{"line":272,"column":null}},"131":{"start":{"line":272,"column":12},"end":{"line":272,"column":null}},"132":{"start":{"line":274,"column":21},"end":{"line":274,"column":null}},"133":{"start":{"line":275,"column":2},"end":{"line":275,"column":null}},"134":{"start":{"line":275,"column":31},"end":{"line":275,"column":null}},"135":{"start":{"line":277,"column":18},"end":{"line":280,"column":null}},"136":{"start":{"line":278,"column":19},"end":{"line":278,"column":49}},"137":{"start":{"line":281,"column":2},"end":{"line":281,"column":null}},"138":{"start":{"line":281,"column":16},"end":{"line":281,"column":null}},"139":{"start":{"line":283,"column":2},"end":{"line":283,"column":null}},"140":{"start":{"line":285,"column":18},"end":{"line":285,"column":null}},"141":{"start":{"line":286,"column":18},"end":{"line":286,"column":null}},"142":{"start":{"line":287,"column":2},"end":{"line":287,"column":null}},"143":{"start":{"line":288,"column":2},"end":{"line":288,"column":null}},"144":{"start":{"line":289,"column":2},"end":{"line":289,"column":null}},"145":{"start":{"line":290,"column":2},"end":{"line":290,"column":null}},"146":{"start":{"line":294,"column":14},"end":{"line":294,"column":null}},"147":{"start":{"line":295,"column":2},"end":{"line":295,"column":null}},"148":{"start":{"line":295,"column":12},"end":{"line":295,"column":null}},"149":{"start":{"line":297,"column":18},"end":{"line":297,"column":null}},"150":{"start":{"line":298,"column":22},"end":{"line":298,"column":null}},"151":{"start":{"line":300,"column":2},"end":{"line":304,"column":null}},"152":{"start":{"line":301,"column":4},"end":{"line":301,"column":null}},"153":{"start":{"line":302,"column":4},"end":{"line":302,"column":null}},"154":{"start":{"line":303,"column":4},"end":{"line":303,"column":null}},"155":{"start":{"line":306,"column":2},"end":{"line":310,"column":null}},"156":{"start":{"line":307,"column":4},"end":{"line":307,"column":null}},"157":{"start":{"line":308,"column":4},"end":{"line":308,"column":null}},"158":{"start":{"line":309,"column":4},"end":{"line":309,"column":null}},"159":{"start":{"line":312,"column":2},"end":{"line":316,"column":null}},"160":{"start":{"line":313,"column":4},"end":{"line":313,"column":null}},"161":{"start":{"line":314,"column":4},"end":{"line":314,"column":null}},"162":{"start":{"line":315,"column":4},"end":{"line":315,"column":null}},"163":{"start":{"line":318,"column":2},"end":{"line":321,"column":null}},"164":{"start":{"line":319,"column":4},"end":{"line":319,"column":null}},"165":{"start":{"line":320,"column":4},"end":{"line":320,"column":null}},"166":{"start":{"line":323,"column":2},"end":{"line":326,"column":null}},"167":{"start":{"line":324,"column":4},"end":{"line":324,"column":null}},"168":{"start":{"line":325,"column":4},"end":{"line":325,"column":null}},"169":{"start":{"line":328,"column":2},"end":{"line":343,"column":null}},"170":{"start":{"line":329,"column":4},"end":{"line":332,"column":null}},"171":{"start":{"line":330,"column":6},"end":{"line":330,"column":null}},"172":{"start":{"line":331,"column":6},"end":{"line":331,"column":null}},"173":{"start":{"line":334,"column":4},"end":{"line":337,"column":null}},"174":{"start":{"line":335,"column":6},"end":{"line":335,"column":null}},"175":{"start":{"line":336,"column":6},"end":{"line":336,"column":null}},"176":{"start":{"line":338,"column":2},"end":{"line":343,"column":null}},"177":{"start":{"line":339,"column":4},"end":{"line":342,"column":null}},"178":{"start":{"line":340,"column":6},"end":{"line":340,"column":null}},"179":{"start":{"line":341,"column":6},"end":{"line":341,"column":null}},"180":{"start":{"line":345,"column":2},"end":{"line":347,"column":null}},"181":{"start":{"line":346,"column":4},"end":{"line":346,"column":null}},"182":{"start":{"line":349,"column":2},"end":{"line":353,"column":null}},"183":{"start":{"line":350,"column":4},"end":{"line":350,"column":null}},"184":{"start":{"line":351,"column":4},"end":{"line":351,"column":null}},"185":{"start":{"line":352,"column":4},"end":{"line":352,"column":null}},"186":{"start":{"line":355,"column":2},"end":{"line":439,"column":null}},"187":{"start":{"line":356,"column":24},"end":{"line":358,"column":null}},"188":{"start":{"line":357,"column":22},"end":{"line":357,"column":48}},"189":{"start":{"line":358,"column":42},"end":{"line":358,"column":56}},"190":{"start":{"line":359,"column":24},"end":{"line":359,"column":null}},"191":{"start":{"line":361,"column":4},"end":{"line":368,"column":null}},"192":{"start":{"line":362,"column":24},"end":{"line":362,"column":null}},"193":{"start":{"line":363,"column":19},"end":{"line":363,"column":null}},"194":{"start":{"line":364,"column":6},"end":{"line":364,"column":null}},"195":{"start":{"line":365,"column":6},"end":{"line":365,"column":null}},"196":{"start":{"line":366,"column":6},"end":{"line":366,"column":null}},"197":{"start":{"line":367,"column":6},"end":{"line":367,"column":null}},"198":{"start":{"line":369,"column":2},"end":{"line":439,"column":null}},"199":{"start":{"line":370,"column":4},"end":{"line":373,"column":null}},"200":{"start":{"line":371,"column":6},"end":{"line":371,"column":null}},"201":{"start":{"line":372,"column":6},"end":{"line":372,"column":null}},"202":{"start":{"line":375,"column":4},"end":{"line":378,"column":null}},"203":{"start":{"line":376,"column":6},"end":{"line":376,"column":null}},"204":{"start":{"line":377,"column":6},"end":{"line":377,"column":null}},"205":{"start":{"line":380,"column":4},"end":{"line":383,"column":null}},"206":{"start":{"line":381,"column":6},"end":{"line":381,"column":null}},"207":{"start":{"line":382,"column":6},"end":{"line":382,"column":null}},"208":{"start":{"line":385,"column":4},"end":{"line":388,"column":null}},"209":{"start":{"line":386,"column":6},"end":{"line":386,"column":null}},"210":{"start":{"line":387,"column":6},"end":{"line":387,"column":null}},"211":{"start":{"line":389,"column":2},"end":{"line":439,"column":null}},"212":{"start":{"line":390,"column":4},"end":{"line":393,"column":null}},"213":{"start":{"line":391,"column":6},"end":{"line":391,"column":null}},"214":{"start":{"line":392,"column":6},"end":{"line":392,"column":null}},"215":{"start":{"line":395,"column":4},"end":{"line":398,"column":null}},"216":{"start":{"line":396,"column":6},"end":{"line":396,"column":null}},"217":{"start":{"line":397,"column":6},"end":{"line":397,"column":null}},"218":{"start":{"line":400,"column":4},"end":{"line":408,"column":null}},"219":{"start":{"line":401,"column":21},"end":{"line":401,"column":null}},"220":{"start":{"line":402,"column":6},"end":{"line":406,"column":null}},"221":{"start":{"line":403,"column":8},"end":{"line":403,"column":null}},"222":{"start":{"line":405,"column":8},"end":{"line":405,"column":null}},"223":{"start":{"line":407,"column":6},"end":{"line":407,"column":null}},"224":{"start":{"line":410,"column":4},"end":{"line":413,"column":null}},"225":{"start":{"line":411,"column":6},"end":{"line":411,"column":null}},"226":{"start":{"line":412,"column":6},"end":{"line":412,"column":null}},"227":{"start":{"line":414,"column":2},"end":{"line":439,"column":null}},"228":{"start":{"line":415,"column":4},"end":{"line":418,"column":null}},"229":{"start":{"line":416,"column":6},"end":{"line":416,"column":null}},"230":{"start":{"line":417,"column":6},"end":{"line":417,"column":null}},"231":{"start":{"line":420,"column":4},"end":{"line":423,"column":null}},"232":{"start":{"line":421,"column":6},"end":{"line":421,"column":null}},"233":{"start":{"line":422,"column":6},"end":{"line":422,"column":null}},"234":{"start":{"line":425,"column":4},"end":{"line":428,"column":null}},"235":{"start":{"line":426,"column":6},"end":{"line":426,"column":null}},"236":{"start":{"line":427,"column":6},"end":{"line":427,"column":null}},"237":{"start":{"line":430,"column":4},"end":{"line":433,"column":null}},"238":{"start":{"line":431,"column":6},"end":{"line":431,"column":null}},"239":{"start":{"line":432,"column":6},"end":{"line":432,"column":null}},"240":{"start":{"line":435,"column":4},"end":{"line":438,"column":null}},"241":{"start":{"line":436,"column":6},"end":{"line":436,"column":null}},"242":{"start":{"line":437,"column":6},"end":{"line":437,"column":null}},"243":{"start":{"line":443,"column":14},"end":{"line":443,"column":null}},"244":{"start":{"line":444,"column":2},"end":{"line":444,"column":null}},"245":{"start":{"line":444,"column":12},"end":{"line":444,"column":null}},"246":{"start":{"line":446,"column":22},"end":{"line":446,"column":null}},"247":{"start":{"line":447,"column":23},"end":{"line":447,"column":null}},"248":{"start":{"line":448,"column":24},"end":{"line":448,"column":null}},"249":{"start":{"line":450,"column":2},"end":{"line":450,"column":null}},"250":{"start":{"line":451,"column":2},"end":{"line":451,"column":null}},"251":{"start":{"line":452,"column":2},"end":{"line":452,"column":null}},"252":{"start":{"line":454,"column":2},"end":{"line":454,"column":null}},"253":{"start":{"line":456,"column":2},"end":{"line":466,"column":null}},"254":{"start":{"line":457,"column":4},"end":{"line":457,"column":null}},"255":{"start":{"line":458,"column":4},"end":{"line":458,"column":null}},"256":{"start":{
[...]
pe":"if","locations":[{"start":{"line":63,"column":2},"end":{"line":65,"column":null}},{"start":{},"end":{}}],"line":63},"7":{"loc":{"start":{"line":63,"column":6},"end":{"line":63,"column":73}},"type":"binary-expr","locations":[{"start":{"line":63,"column":6},"end":{"line":63,"column":24}},{"start":{"line":63,"column":24},"end":{"line":63,"column":73}}],"line":63},"8":{"loc":{"start":{"line":72,"column":4},"end":{"line":74,"column":null}},"type":"if","locations":[{"start":{"line":72,"column":4},"end":{"line":74,"column":null}},{"start":{},"end":{}}],"line":72},"9":{"loc":{"start":{"line":73,"column":26},"end":{"line":73,"column":45}},"type":"binary-expr","locations":[{"start":{"line":73,"column":26},"end":{"line":73,"column":43}},{"start":{"line":73,"column":43},"end":{"line":73,"column":45}}],"line":73},"10":{"loc":{"start":{"line":76,"column":11},"end":{"line":76,"column":null}},"type":"cond-expr","locations":[{"start":{"line":76,"column":26},"end":{"line":76,"column":31}},{"start":{"line":76,"column":31},"end":{"line":76,"column":null}}],"line":76},"11":{"loc":{"start":{"line":92,"column":2},"end":{"line":94,"column":null}},"type":"if","locations":[{"start":{"line":92,"column":2},"end":{"line":94,"column":null}},{"start":{},"end":{}}],"line":92},"12":{"loc":{"start":{"line":96,"column":2},"end":{"line":98,"column":null}},"type":"if","locations":[{"start":{"line":96,"column":2},"end":{"line":98,"column":null}},{"start":{},"end":{}}],"line":96},"13":{"loc":{"start":{"line":97,"column":34},"end":{"line":97,"column":86}},"type":"binary-expr","locations":[{"start":{"line":97,"column":34},"end":{"line":97,"column":75}},{"start":{"line":97,"column":75},"end":{"line":97,"column":86}}],"line":97},"14":{"loc":{"start":{"line":104,"column":9},"end":{"line":106,"column":null}},"type":"cond-expr","locations":[{"start":{"line":105,"column":6},"end":{"line":105,"column":null}},{"start":{"line":106,"column":6},"end":{"line":106,"column":null}}],"line":104},"15":{"loc":{"start":{"line":121,"column":4},"end":{"line":121,"column":null}},"type":"if","locations":[{"start":{"line":121,"column":4},"end":{"line":121,"column":null}},{"start":{},"end":{}}],"line":121},"16":{"loc":{"start":{"line":127,"column":4},"end":{"line":131,"column":null}},"type":"if","locations":[{"start":{"line":127,"column":4},"end":{"line":131,"column":null}},{"start":{},"end":{}}],"line":127},"17":{"loc":{"start":{"line":127,"column":8},"end":{"line":127,"column":75}},"type":"binary-expr","locations":[{"start":{"line":127,"column":8},"end":{"line":127,"column":43}},{"start":{"line":127,"column":43},"end":{"line":127,"column":75}}],"line":127},"18":{"loc":{"start":{"line":134,"column":2},"end":{"line":134,"column":null}},"type":"if","locations":[{"start":{"line":134,"column":2},"end":{"line":134,"column":null}},{"start":{},"end":{}}],"line":134},"19":{"loc":{"start":{"line":139,"column":4},"end":{"line":139,"column":null}},"type":"if","locations":[{"start":{"line":139,"column":4},"end":{"line":139,"column":null}},{"start":{},"end":{}}],"line":139},"20":{"loc":{"start":{"line":142,"column":4},"end":{"line":145,"column":null}},"type":"if","locations":[{"start":{"line":142,"column":4},"end":{"line":145,"column":null}},{"start":{},"end":{}}],"line":142},"21":{"loc":{"start":{"line":156,"column":4},"end":{"line":156,"column":null}},"type":"if","locations":[{"start":{"line":156,"column":4},"end":{"line":156,"column":null}},{"start":{},"end":{}}],"line":156},"22":{"loc":{"start":{"line":156,"column":8},"end":{"line":156,"column":40}},"type":"binary-expr","locations":[{"start":{"line":156,"column":8},"end":{"line":156,"column":18}},{"start":{"line":156,"column":18},"end":{"line":156,"column":40}}],"line":156},"23":{"loc":{"start":{"line":161,"column":6},"end":{"line":164,"column":null}},"type":"if","locations":[{"start":{"line":161,"column":6},"end":{"line":164,"column":null}},{"start":{},"end":{}}],"line":161},"24":{"loc":{"start":{"line":165,"column":6},"end":{"line":168,"column":null}},"type":"if","locations":[{"start":{"line":165,"column":6},"end":{"line":168,"column":null}},{"start":{},"end":{}}],"line":165},"25":{"loc":{"start":{"line":165,"column":10},"end":{"line":165,"column":66}},"type":"binary-expr","locations":[{"start":{"line":165,"column":10},"end":{"line":165,"column":38}},{"start":{"line":165,"column":38},"end":{"line":165,"column":66}}],"line":165},"26":{"loc":{"start":{"line":183,"column":9},"end":{"line":183,"column":26}},"type":"default-arg","locations":[{"start":{"line":183,"column":22},"end":{"line":183,"column":26}}],"line":183},"27":{"loc":{"start":{"line":183,"column":26},"end":{"line":183,"column":40}},"type":"default-arg","locations":[{"start":{"line":183,"column":38},"end":{"line":183,"column":40}}],"line":183},"28":{"loc":{"start":{"line":187,"column":15},"end":{"line":187,"column":null}},"type":"cond-expr","locations":[{"start":{"line":187,"column":32},"end":{"line":187,"column":68}},{"start":{"line":187,"column":68},"end":{"line":187,"column":null}}],"line":187},"29":{"loc":{"start":{"line":188,"column":18},"end":{"line":188,"column":null}},"type":"cond-expr","locations":[{"start":{"line":188,"column":35},"end":{"line":188,"column":72}},{"start":{"line":188,"column":72},"end":{"line":188,"column":null}}],"line":188},"30":{"loc":{"start":{"line":189,"column":39},"end":{"line":191,"column":null}},"type":"cond-expr","locations":[{"start":{"line":190,"column":6},"end":{"line":190,"column":null}},{"start":{"line":191,"column":7},"end":{"line":191,"column":null}}],"line":189},"31":{"loc":{"start":{"line":191,"column":7},"end":{"line":191,"column":null}},"type":"cond-expr","locations":[{"start":{"line":191,"column":33},"end":{"line":191,"column":43}},{"start":{"line":191,"column":43},"end":{"line":191,"column":null}}],"line":191},"32":{"loc":{"start":{"line":192,"column":20},"end":{"line":192,"column":null}},"type":"cond-expr","locations":[{"start":{"line":192,"column":37},"end":{"line":192,"column":61}},{"start":{"line":192,"column":61},"end":{"line":192,"column":null}}],"line":192},"33":{"loc":{"start":{"line":193,"column":45},"end":{"line":193,"column":90}},"type":"binary-expr","locations":[{"start":{"line":193,"column":45},"end":{"line":193,"column":86}},{"start":{"line":193,"column":86},"end":{"line":193,"column":90}}],"line":193},"34":{"loc":{"start":{"line":194,"column":24},"end":{"line":196,"column":null}},"type":"cond-expr","locations":[{"start":{"line":195,"column":6},"end":{"line":195,"column":null}},{"start":{"line":196,"column":7},"end":{"line":196,"column":null}}],"line":194},"35":{"loc":{"start":{"line":196,"column":7},"end":{"line":196,"column":null}},"type":"binary-expr","locations":[{"start":{"line":196,"column":7},"end":{"line":196,"column":18}},{"start":{"line":196,"column":18},"end":{"line":196,"column":33}},{"start":{"line":196,"column":33},"end":{"line":196,"column":null}}],"line":196},"36":{"loc":{"start":{"line":197,"column":22},"end":{"line":197,"column":null}},"type":"cond-expr","locations":[{"start":{"line":197,"column":44},"end":{"line":197,"column":52}},{"start":{"line":197,"column":52},"end":{"line":197,"column":null}}],"line":197},"37":{"loc":{"start":{"line":197,"column":22},"end":{"line":197,"column":44}},"type":"binary-expr","locations":[{"start":{"line":197,"column":22},"end":{"line":197,"column":31}},{"start":{"line":197,"column":31},"end":{"line":197,"column":44}}],"line":197},"38":{"loc":{"start":{"line":211,"column":2},"end":{"line":211,"column":null}},"type":"if","locations":[{"start":{"line":211,"column":2},"end":{"line":211,"column":null}},{"start":{},"end":{}}],"line":211},"39":{"loc":{"start":{"line":212,"column":9},"end":{"line":214,"column":null}},"type":"cond-expr","locations":[{"start":{"line":213,"column":6},"end":{"line":213,"column":null}},{"start":{"line":214,"column":6},"end":{"line":214,"column":null}}],"line":212},"40":{"loc":{"start":{"line":224,"column":2},"end":{"line":229,"column":null}},"type":"if","locations":[{"start":{"line":224,"column":2},"end":{"line":229,"column":null}},{"start":{},"end":{}}],"line":224},"41":{"loc":{"start":{"line":231,"column":19},"end":{"line":233,"column":null}},"type":"cond-expr","locations":[{"start":{"line":232,"column":6},"end":{"line":232,"column":null}},{"start":{"line":233,"column":6},"end":{"line":233,"column":null}}],"line":231},"42":{"loc":{"start":{"line":236,"column":14},"end":{"line":236,"column":null}},"type":"cond-expr","locations":[{"start":{"line":236,"column":25},"end":{"line":236,"column":72}},{"start":{"line":236,"column":72},"end":{"line":236,"column":null}}],"line":236},"43":{"loc":{"start":{"line":249,"column":2},"end":{"line":249,"column":null}},"type":"if","locations":[{"start":{"line":249,"column":2},"end":{"line":249,"column":null}},{"start":{},"end":{}}],"line":249},"44":{"loc":{"start":{"line":251,"column":25},"end":{"line":251,"column":null}},"type":"binary-expr","locations":[{"start":{"line":251,"column":25},"end":{"line":251,"column":78}},{"start":{"line":251,"column":78},"end":{"line":251,"column":null}}],"line":251},"45":{"loc":{"start":{"line":254,"column":30},"end":{"line":256,"column":null}},"type":"cond-expr","locations":[{"start":{"line":255,"column":6},"end":{"line":255,"column":null}},{"start":{"line":256,"column":6},"end":{"line":256,"column":null}}],"line":254},"46":{"loc":{"start":{"line":254,"column":30},"end":{"line":254,"column":null}},"type":"binary-expr","locations":[{"start":{"line":254,"column":30},"end":{"line":254,"column":49}},{"start":{"line":254,"column":49},"end":{"line":254,"column":null}}],"line":254},"47":{"loc":{"start":{"line":257,"column":21},"end":{"line":259,"column":null}},"type":"cond-expr","locations":[{"start":{"line":258,"column":6},"end":{"line":258,"column":null}},{"start":{"line":259,"column":6},"end":{"line":259,"column":null}}],"line":257},"48":{"loc":{"start":{"line":260,"column":28},"end":{"line":260,"column":null}},"type":"cond-expr","locations":[{"start":{"line":260,"column":41},"end":{"line":260,"column":79}},{"start":{"line":260,"column":79},"end":{"line":260,"column":null}}],"line":260},"49":{"loc":{"start":{"line":270,"column":4},"end":{"line":272,"column":null}},"type":"if","locations":[{"start":{"line":270,"column":4},"end":{"line":272,"column":null}},{"start":{},"end":{}}],"line":270},"50":{"loc":{"start":{"line":270,"column":8},"end":{"line":270,"column":62}},"type":"binary-expr","locations":[{"start":{"line":270,"column":8},"end":{"line":270,"column":27}},{"start":{"line":270,"column":27},"end":{"line":270,"column":62}}],"line":270},"51":{"loc":{"start":{"line":274,"column":4},"end":{"line":276,"column":null}},"type":"if","locations":[{"start":{"line":274,"column":4},"end":{"line":276,"column":null}},{"start":{},"end":{}}],"line":274},"52":{"loc":{"start":{"line":274,"column":8},"end":{"line":274,"column":131}},"type":"binary-expr","locations":[{"start":{"line":274,"column":8},"end":{"line":274,"column":31}},{"start":{"line":274,"column":31},"end":{"line":274,"column":83}},{"start":{"line":274,"column":83},"end":{"line":274,"column":131}}],"line":274},"53":{"loc":{"start":{"line":278,"column":4},"end":{"line":280,"column":null}},"type":"if","locations":[{"start":{"line":278,"column":4},"end":{"line":280,"column":null}},{"start":{},"end":{}}],"line":278},"54":{"loc":{"start":{"line":278,"column":8},"end":{"line":278,"column":90}},"type":"binary-expr","locations":[{"start":{"line":278,"column":8},"end":{"line":278,"column":27}},{"start":{"line":278,"column":27},"end":{"line":278,"column":60}},{"start":{"line":278,"column":60},"end":{"line":278,"column":90}}],"line":278},"55":{"loc":{"start":{"line":283,"column":9},"end":{"line":283,"column":null}},"type":"binary-expr","locations":[{"start":{"line":283,"column":9},"end":{"line":283,"column":27}},{"start":{"line":283,"column":27},"end":{"line":283,"column":48}},{"start":{"line":283,"column":48},"end":{"line":283,"column":null}}],"line":283}},"s":{"0":1,"1":0,"2":3,"3":2,"4":2,"5":0,"6":2,"7":2,"8":0,"9":2,"10":2,"11":2,"12":0,"13":0,"14":0,"15":0,"16":0,"17":0,"18":0,"19":0,"20":0,"21":0,"22":0,"23":0,"24":0,"25":0,"26":0,"27":0,"28":0,"29":0,"30":0,"31":0,"32":0,"33":0,"34":0,"35":0,"36":0,"37":0,"38":0,"39":0,"40":0,"41":0,"42":0,"43":0,"44":0,"45":0,"46":0,"47":0,"48":0,"49":0,"50":0,"51":0,"52":0,"53":0,"54":0,"55":0,"56":0,"57":0,"58":0,"59":0,"60":0,"61":0,"62":0,"63":0,"64":0,"65":0,"66":0,"67":0,"68":0,"69":0,"70":0,"71":0,"72":0,"73":0,"74":0,"75":0,"76":0,"77":0,"78":0,"79":0,"80":0,"81":0,"82":3,"83":3,"84":3,"85":3,"86":3,"87":3,"88":3,"89":3,"90":3,"91":3,"92":3,"93":3,"94":0,"95":0,"96":0,"97":0,"98":0,"99":0,"100":0,"101":0,"102":0,"103":0,"104":0,"105":0,"106":0,"107":0,"108":0,"109":0,"110":0,"111":0,"112":0,"113":0,"114":0,"115":0,"116":0,"117":0,"118":0,"119":0,"120":0,"121":0,"122":0,"123":0,"124":0},"f":{"0":0,"1":3,"2":2,"3":0,"4":0,"5":0,"6":0,"7":0,"8":0,"9":0,"10":0,"11":0,"12":0,"13":0,"14":0,"15":3,"16":0,"17":0,"18":0},"b":{"0":[0,2],"1":[0,2],"2":[0,2],"3":[2,0],"4":[0,2],"5":[0,0],"6":[0,0],"7":[0,0],"8":[0,0],"9":[0,0],"10":[0,0],"11":[0,0],"12":[0,0],"13":[0,0],"14":[0,0],"15":[0,0],"16":[0,0],"17":[0,0],"18":[0,0],"19":[0,0],"20":[0,0],"21":[0,0],"22":[0,0],"23":[0,0],"24":[0,0],"25":[0,0],"26":[3],"27":[3],"28":[0,3],"29":[0,3],"30":[3,0],"31":[0,0],"32":[2,1],"33":[3,0],"34":[0,3],"35":[3,3,0],"36":[1,2],"37":[3,3],"38":[0,0],"39":[0,0],"40":[0,0],"41":[0,0],"42":[0,0],"43":[0,0],"44":[0,0],"45":[0,0],"46":[0,0],"47":[0,0],"48":[0,0],"49":[0,0],"50":[0,0],"51":[0,0],"52":[0,0,0],"53":[0,0],"54":[0,0,0],"55":[0,0,0]},"meta":{"lastBranch":56,"lastFunction":19,"lastStatement":125,"seen":{"s:25:30:25:Infinity":0,"f:27:9:27:26":0,"s:28:2:28:Infinity":1,"f:31:9:31:32":1,"s:32:2:32:Infinity":2,"f:35:9:35:24":2,"s:36:18:36:Infinity":3,"b:37:2:37:Infinity:undefined:undefined:undefined:undefined":0,"s:37:2:37:Infinity":4,"s:37:16:37:Infinity":5,"s:39:21:39:Infinity":6,"b:40:2:40:Infinity:undefined:undefined:undefined:undefined":1,"s:40:2:40:Infinity":7,"s:40:19:40:Infinity":8,"s:42:16:42:Infinity":9,"s:43:17:43:Infinity":10,"b:43:33:43:57:43:57:43:Infinity":2,"s:44:2:47:Infinity":11,"b:45:36:45:44:45:44:45:Infinity":3,"b:46:38:46:47:46:47:46:Infinity":4,"f:50:9:50:33":3,"s:51:2:56:Infinity":12,"f:59:9:59:25":4,"s:60:25:60:Infinity":13,"s:61:25:61:Infinity":14,"b:61:36:61:85:61:85:61:Infinity":5,"b:63:2:65:Infinity:undefined:undefined:undefined:undefined":6,"s:63:2:65:Infinity":15,"b:63:6:63:24:63:24:63:73":7,"s:64:4:64:Infinity":16,"s:67:2:67:Infinity":17,"f:70:9:70:22":5,"s:71:2:77:Infinity":18,"f:71:23:71:24":6,"b:72:4:74:Infinity:undefined:undefined:undefined:undefined":8,"s:72:4:74:Infinity":19,"s:73:6:73:Infinity":20,"b:73:26:73:43:73:43:73:45":9,"s:76:4:76:Infinity":21,"b:76:26:76:31:76:31:76:Infinity":10,"f:80:9:80:28":7,"s:81:2:81:Infinity":22,"f:84:9:84:44":8,"s:85:2:88:Infinity":23,"f:86:12:86:13":9,"s:86:22:86:55":24,"f:91:9:91:27":10,"b:92:2:94:Infinity:undefined:undefined:undefined:undefined":11,"s:92:2:94:Infinity":25,"s:93:4:93:Infinity":26,"b:96:2:98:Infinity:undefined:undefined:undefined:undefined":12,"s:96:2:98:Infinity":27,"s:97:4:97:Infinity":28,"b:97:34:97:75:97:75:97:86":13,"s:100:23:102:Infinity":29,"f:101:9:101:10":11,"s:101:19:101:30":30,"f:102:10:102:11":12,"s:102:20:102:43":31,"s:104:2:106:Infinity":32,"b:105:6:105:Infinity:106:6:106:Infinity":14,"f:109:9:109:31":13,"s:110:31:113:Infinity":33,"s:114:16:114:Infinity":34,"s:115:19:115:Infinity":35,"s:116:21:116:Infinity":36,"s:118:2:132:Infinity":37,"s:118:19:118:22":38,"s:119:17:119:Infinity":39,"s:120:18:120:Infinity":40,"b:121:4:121:Infinity:undefined:undefined:undefined:undefined":15,"s:121:4:121:Infinity":41,"s:121:16:121:Infinity":42,"s:123:18:123:Infinity":43,"s:124:18:124:Infinity":44,"s:125:10:125:Infinity":45,"b:127:4:131:Infinity:undefined:undefined:undefined:undefined":16,"s:127:4:131:Infinity":46,"b:127:8:127:43:127:43:127:75":17,"s:128:6:128:Infinity":47,"s:129:6:129:Infinity":48,"s:130:6:130:Infinity":49,"b:134:2:134:Infinity:undefined:undefined:undefined:undefined":18,"s:134:2:134:Infinity":50,"s:134:22:134:Infinity":51,"s:136:17:136:Infinity":52,"s:137:2:146:Infinity":53,"s:137:19:137:35":54,"s:138:18:138:Infinity":55,"b:139:4:139:Infinity:undefined:undefined:undefined:undefined":19,"s:139:4:139:Infinity":56,"s:139:16:139:Infinity":57,"s:141:18:141:Infinity":58,"b:142:4:145:Infinity:undefined:undefined:undefined:undefined":20,"s:142:4:145:Infinity":59,"s:143:6:143:Infinity":60,"s:144:6:144:Infinity":61,"s:148:2:148:Infinity":62,"f:151:9:151:29":14,"s:152:16:152:Infinity":63,"s:154:2:174:Infinity":64,"s:154:19:154:22":65,"s:155:18:155:Infinity":66,"b:156:4:156:Infinity:undefined:undefined:undefined:undefined":21,"s:156:4:156:Infinity":67,"b:156:8:156:18:156:18:156:40":22,"s:156:40:156:Infinity":68,"s:158:21:158:Infinity":69,"s:159:4:170:Infinity":70,"s:160:19:160:Infinity":71,"b:161:6:164:Infinity:undefined:undefined:undefined:undefined":23,"s:161:6:164:Infinity":72,"s:162:8:162:Infinity":73,"s:163:8:163:Infinity":74,"b:165:6:168:Infinity:undefined:undefined:undefined:undefined":24,"s:165:6:168:Infinity":75,"b:165:10:165:38:165:38:165:66":25,"s:166:8:166:Infinity":76,"s:167:8:167:Infinity":77,"s:169:6:169:Infinity":78,"s:172:27:172:Infinity":79,"s:173:4:173:Infinity":80,"s:176:2:176:Infinity":81,"f:179:16:179:Infinity":15,"s:183:44:183:Infinity":82,"b:183:22:183:26":26,"b:183:38:183:40":27,"s:184:17:184:Infinity":83,"s:185:16:185:Infinity":84,"s:186:20:186:Infinity":85,"s:187:15:187:Infinity":86,"b:187:32:187:68:187:68:187:Infinity":28,"s:188:18:188:Infinity":87,"b:188:35:188:72:188:72:188:Infinity":29,"s:189:39:191:Infinity":88,"b:190:6:190:Infinity:191:7:191:Infinity":30,"b:191:33:191:43:191:43:191:Infinity":31,"s:192:20:192:Infinity":89,"b:192:37:192:61:192:61:192:Infinity":32,"s:193:22:193:Infinity":90,"b:193:45:193:86:193:86:193:90":33,"s:194:24:196:Infinity":91,"b:195:6:195:Infinity:196:7:196:Infinity":34,"b:196:7:196:18:196:18:196:33:196:33:196:Infinity":35,"s:197:22:197:Infinity":92,"b:197:44:197:52:197:52:197:Infinity":36,"b:197:22:197:31:197:31:197:44":37,"s:199:2:207:Infinity":93,"f:210:16:210:41":16,"b:211:2:211:Infinity:undefined:undefined:undefined:undefined":38,"s:211:2:211:Infinity":94,"s:211:33:211:Infinity":95,"s:212:2:214:Infinity":96,"b:213:6:213:Infinity:214:6:214:Infinity":39,"f:217:16:217:Infinity":17,"s:221:26:221:Infinity":97,"s:222:15:222:Infinity":98,"b:224:2:229:Infinity:undefined:undefined:undefined:undefined":40,"s:224:2:229:Infinity":99,"s:225:4:228:Infinity":100,"s:231:19:233:Infinity":101,"b:232:6:232:Infinity:233:6:233:Infinity":41,"s:235:2:238:Infinity":102,"b:236:25:236:72:236:72:236:Infinity":42,"f:241:16:241:Infinity":18,"s:247:26:247:Infinity":103,"s:248:27:248:Infinity":104,"b:249:2:249:Infinity:undefined:undefined:undefined:undefined":43,"s:249:2:249:Infinity":105,"s:249:25:249:Infinity":106,"s:251:25:251:Infinity":107,"b:251:25:251:78:251:78:251:Infinity":44,"s:253:19:253:Infinity":108,"s:254:30:256:Infinity":109,"b:255:6:255:Infinity:256:6:256:Infinity":45,"b:254:30:254:49:254:49:254:Infinity":46,"s:257:21:259:Infinity":110,"b:258:6:258:Infinity:259:6:259:Infinity":47,"s:260:28:260:Infinity":111,"b:260:41:260:79:260:79:260:Infinity":48,"s:262:40:262:Infinity":112,"s:263:43:263:Infinity":113,"s:264:39:264:Infinity":114,"s:266:2:281:Infinity":115,"s:267:25:267:Infinity":116,"s:268:21:268:Infinity":117,"b:270:4:272:Infinity:undefined:undefined:undefined:undefined":49,"s:270:4:272:Infinity":118,"b:270:8:270:27:270:27:270:62":50,"s:271:6:271:Infinity":119,"b:274:4:276:Infinity:undefined:undefined:undefined:undefined":51,"s:274:4:276:Infinity":120,"b:274:8:274:31:274:31:274:83:274:83:274:131":52,"s:275:6:275:Infinity":121,"b:278:4:280:Infinity:undefined:undefined:undefined:undefined":53,"s:278:4:280:Infinity":122,"b:278:8:278:27:278:27:278:60:278:60:278:90":54,"s:279:6:279:Infinity":123,"s:283:2:283:Infinity":124,"b:283:9:283:27:283:27:283:48:283:48:283:Infinity":55}}}
}
